TN:
SF:/Users/wenwenxu/Desktop/SEM2018_Group5/TUTORized/webpack.config.js
FN:7,(anonymous_0)
FNF:1
FNH:0
FNDA:0,(anonymous_0)
DA:1,0
DA:2,0
DA:3,0
DA:4,0
DA:5,0
DA:7,0
DA:8,0
DA:10,0
LF:8
LH:0
BRDA:8,0,0,0
BRDA:8,0,1,0
BRDA:19,1,0,0
BRDA:19,1,1,0
BRDA:32,2,0,0
BRDA:32,2,1,0
BRDA:39,3,0,0
BRDA:39,3,1,0
BRF:8
BRH:0
end_of_record
TN:
SF:/Users/wenwenxu/Desktop/SEM2018_Group5/TUTORized/webpack.config.vendor.js
FN:5,(anonymous_0)
FNF:1
FNH:0
FNDA:0,(anonymous_0)
DA:1,0
DA:2,0
DA:3,0
DA:5,0
DA:6,0
DA:7,0
DA:9,0
LF:7
LH:0
BRDA:6,0,0,0
BRDA:6,0,1,0
BRDA:25,1,0,0
BRDA:25,1,1,0
BRDA:39,2,0,0
BRDA:39,2,1,0
BRDA:45,3,0,0
BRDA:45,3,1,0
BRF:8
BRH:0
end_of_record
TN:
SF:/Users/wenwenxu/Desktop/SEM2018_Group5/TUTORized/wwwroot/dist/main.js
FN:1,(anonymous_0)
FN:2,hotDisposeChunk
FN:7,webpackHotUpdateCallback
FN:12,hotDownloadUpdateChunk
FN:21,hotDownloadManifest
FN:22,(anonymous_5)
FN:34,(anonymous_6)
FN:68,hotCreateRequire
FN:71,(anonymous_8)
FN:88,ObjectFactory
FN:92,(anonymous_10)
FN:95,(anonymous_11)
FN:105,(anonymous_12)
FN:109,(anonymous_13)
FN:114,finishChunkLoading
FN:129,hotCreateModule
FN:141,(anonymous_16)
FN:148,(anonymous_17)
FN:150,(anonymous_18)
FN:152,(anonymous_19)
FN:161,(anonymous_20)
FN:164,(anonymous_21)
FN:167,(anonymous_22)
FN:175,(anonymous_23)
FN:179,(anonymous_24)
FN:182,(anonymous_25)
FN:197,hotSetStatus
FN:214,toModuleId
FN:219,hotCheck
FN:223,(anonymous_29)
FN:234,(anonymous_30)
FN:253,hotAddUpdateChunk
FN:267,hotEnsureUpdateChunk
FN:277,hotUpdateDownloaded
FN:283,(anonymous_34)
FN:285,(anonymous_35)
FN:299,hotApply
FN:309,getAffectedStuff
FN:313,(anonymous_38)
FN:376,addAllToSet
FN:390,warnUnexpectedRequire
FN:480,(anonymous_41)
FN:634,(anonymous_42)
FN:643,__webpack_require__
FN:677,(anonymous_44)
FN:680,(anonymous_45)
FN:691,(anonymous_46)
FN:693,getDefault
FN:694,getModuleExports
FN:700,(anonymous_49)
FN:706,(anonymous_50)
FN:714,(anonymous_51)
FN:720,(anonymous_52)
FN:729,(anonymous_53)
FN:760,(anonymous_54)
FN:780,makeOptionsHot
FN:781,(anonymous_56)
FN:784,(anonymous_57)
FN:799,injectHook
FN:808,tryWrap
FN:809,(anonymous_60)
FN:817,(anonymous_61)
FN:820,(anonymous_62)
FN:830,(anonymous_63)
FN:838,(anonymous_64)
FN:858,(anonymous_65)
FN:870,(anonymous_66)
FN:875,normalizeComponent
FN:910,(anonymous_68)
FN:912,(anonymous_69)
FN:927,(anonymous_70)
FN:933,(anonymous_71)
FN:947,(anonymous_72)
FN:961,(anonymous_73)
FN:977,Inject
FN:978,(anonymous_75)
FN:993,Provide
FN:994,(anonymous_77)
FN:998,(anonymous_78)
FN:1015,Model
FN:1016,(anonymous_80)
FN:1026,Prop
FN:1028,(anonymous_82)
FN:1032,(anonymous_83)
FN:1044,Watch
FN:1047,(anonymous_85)
FN:1059,(anonymous_86)
FN:1066,(anonymous_87)
FN:1070,toString
FN:1084,(anonymous_89)
FN:1115,(anonymous_90)
FN:1127,Html5Entities
FN:1133,(anonymous_92)
FN:1137,(anonymous_93)
FN:1158,(anonymous_94)
FN:1166,(anonymous_95)
FN:1198,(anonymous_96)
FN:1206,(anonymous_97)
FN:1243,(anonymous_98)
FN:1251,(anonymous_99)
FN:1274,(anonymous_100)
FN:1282,createIndexes
FN:1311,(anonymous_102)
FN:1334,(anonymous_103)
FN:1340,(anonymous_104)
FN:1342,(anonymous_105)
FN:1388,EventSourceWrapper
FN:1394,(anonymous_107)
FN:1400,init
FN:1407,handleOnline
FN:1412,handleMessage
FN:1419,handleDisconnect
FN:1426,(anonymous_112)
FN:1432,getEventSourceWrapper
FN:1444,connect
FN:1447,handleMessage
FN:1474,createReporter
FN:1487,log
FN:1488,(anonymous_118)
FN:1514,(anonymous_119)
FN:1517,(anonymous_120)
FN:1523,(anonymous_121)
FN:1526,(anonymous_122)
FN:1536,processMessage
FN:1585,subscribeAll
FN:1588,subscribe
FN:1591,useCustomOverlay
FN:1601,(anonymous_127)
FN:1607,(anonymous_128)
FN:1653,(anonymous_129)
FN:1662,ansiHTML
FN:1671,(anonymous_131)
FN:1704,(anonymous_132)
FN:1720,(anonymous_133)
FN:1746,(anonymous_134)
FN:1758,(anonymous_135)
FN:1761,(anonymous_136)
FN:1768,_setTags
FN:1790,(anonymous_138)
FN:1794,(anonymous_139)
FN:1801,(anonymous_140)
FN:1808,(anonymous_141)
FN:1810,(anonymous_142)
FN:1811,(anonymous_143)
FN:1812,(anonymous_144)
FN:1814,__
FN:1818,(anonymous_146)
FN:1826,(anonymous_147)
FN:1828,AppComponent
FN:1845,(anonymous_149)
FN:1852,(anonymous_150)
FN:1854,(anonymous_151)
FN:1855,(anonymous_152)
FN:1856,(anonymous_153)
FN:1858,__
FN:1862,(anonymous_155)
FN:1870,(anonymous_156)
FN:1872,CounterComponent
FN:1877,(anonymous_158)
FN:1890,(anonymous_159)
FN:1897,(anonymous_160)
FN:1899,(anonymous_161)
FN:1900,(anonymous_162)
FN:1901,(anonymous_163)
FN:1903,__
FN:1907,(anonymous_165)
FN:1915,(anonymous_166)
FN:1917,FetchDataComponent
FN:1922,(anonymous_168)
FN:1925,(anonymous_169)
FN:1926,(anonymous_170)
FN:1941,(anonymous_171)
FN:1953,(anonymous_172)
FN:1974,Html4Entities
FN:1980,(anonymous_174)
FN:1984,(anonymous_175)
FN:2005,(anonymous_176)
FN:2013,(anonymous_177)
FN:2032,(anonymous_178)
FN:2040,(anonymous_179)
FN:2066,(anonymous_180)
FN:2074,(anonymous_181)
FN:2097,(anonymous_182)
FN:2106,(anonymous_183)
FN:2140,XmlEntities
FN:2146,(anonymous_185)
FN:2150,(anonymous_186)
FN:2159,(anonymous_187)
FN:2167,(anonymous_188)
FN:2171,(anonymous_189)
FN:2190,(anonymous_190)
FN:2198,(anonymous_191)
FN:2227,(anonymous_192)
FN:2235,(anonymous_193)
FN:2258,(anonymous_194)
FN:2267,(anonymous_195)
FN:2280,defaultSetTimout
FN:2283,defaultClearTimeout
FN:2286,(anonymous_198)
FN:2306,runTimeout
FN:2331,runClearTimeout
FN:2363,cleanUpNextTick
FN:2378,drainQueue
FN:2402,(anonymous_203)
FN:2416,Item
FN:2420,(anonymous_205)
FN:2430,noop
FN:2442,(anonymous_207)
FN:2444,(anonymous_208)
FN:2448,(anonymous_209)
FN:2449,(anonymous_210)
FN:2452,(anonymous_211)
FN:2457,(anonymous_212)
FN:2486,hasOwnProperty
FN:2490,(anonymous_214)
FN:2541,(anonymous_215)
FN:2548,(anonymous_216)
FN:2574,(anonymous_217)
FN:2590,(anonymous_218)
FN:2598,(anonymous_219)
FN:2601,(anonymous_220)
FN:2616,(anonymous_221)
FN:2620,map
FN:2629,(anonymous_223)
FN:2640,(anonymous_224)
FN:2651,(anonymous_225)
FN:2653,(anonymous_226)
FN:2668,(anonymous_227)
FN:2676,(anonymous_228)
FN:2682,(anonymous_229)
FN:2684,(anonymous_230)
FN:2685,(anonymous_231)
FN:2687,(anonymous_232)
FN:2688,(anonymous_233)
FN:2690,(anonymous_234)
FN:2691,(anonymous_235)
FN:2741,decorate
FN:2805,metadata
FN:2806,decorator
FN:2855,defineMetadata
FN:2897,hasMetadata
FN:2939,hasOwnMetadata
FN:2981,getMetadata
FN:3023,getOwnMetadata
FN:3064,getMetadataKeys
FN:3105,getOwnMetadataKeys
FN:3147,deleteMetadata
FN:3167,DecorateConstructor
FN:3179,DecorateProperty
FN:3191,GetOrCreateMetadataMap
FN:3210,OrdinaryHasMetadata
FN:3221,OrdinaryHasOwnMetadata
FN:3229,OrdinaryGetMetadata
FN:3240,OrdinaryGetOwnMetadata
FN:3248,OrdinaryDefineOwnMetadata
FN:3254,OrdinaryMetadataKeys
FN:3286,OrdinaryOwnMetadataKeys
FN:3317,Type
FN:3332,IsUndefined
FN:3337,IsNull
FN:3342,IsSymbol
FN:3347,IsObject
FN:3354,ToPrimitive
FN:3375,OrdinaryToPrimitive
FN:3408,ToBoolean
FN:3413,ToString
FN:3418,ToPropertyKey
FN:3428,IsArray
FN:3437,IsCallable
FN:3443,IsConstructor
FN:3449,IsPropertyKey
FN:3460,GetMethod
FN:3470,GetIterator
FN:3481,IteratorValue
FN:3486,IteratorStep
FN:3492,IteratorClose
FN:3501,OrdinaryGetPrototypeOf
FN:3530,CreateMapPolyfill
FN:3533,(anonymous_278)
FN:3534,MapIterator
FN:3540,(anonymous_280)
FN:3541,(anonymous_281)
FN:3542,(anonymous_282)
FN:3558,(anonymous_283)
FN:3566,(anonymous_284)
FN:3576,(anonymous_285)
FN:3577,Map
FN:3584,(anonymous_287)
FN:3588,(anonymous_288)
FN:3589,(anonymous_289)
FN:3593,(anonymous_290)
FN:3598,(anonymous_291)
FN:3616,(anonymous_292)
FN:3622,(anonymous_293)
FN:3623,(anonymous_294)
FN:3624,(anonymous_295)
FN:3625,(anonymous_296)
FN:3626,(anonymous_297)
FN:3627,(anonymous_298)
FN:3640,getKey
FN:3643,getValue
FN:3646,getEntry
FN:3651,CreateSetPolyfill
FN:3652,(anonymous_303)
FN:3653,Set
FN:3657,(anonymous_305)
FN:3661,(anonymous_306)
FN:3662,(anonymous_307)
FN:3663,(anonymous_308)
FN:3664,(anonymous_309)
FN:3665,(anonymous_310)
FN:3666,(anonymous_311)
FN:3667,(anonymous_312)
FN:3668,(anonymous_313)
FN:3669,(anonymous_314)
FN:3674,CreateWeakMapPolyfill
FN:3678,(anonymous_316)
FN:3679,WeakMap
FN:3682,(anonymous_318)
FN:3686,(anonymous_319)
FN:3690,(anonymous_320)
FN:3695,(anonymous_321)
FN:3699,(anonymous_322)
FN:3705,CreateUniqueKey
FN:3713,GetOrCreateWeakMapTable
FN:3721,FillRandomBytes
FN:3726,GenRandomBytes
FN:3736,CreateUUID
FN:3754,MakeDictionary
FN:3760,(anonymous_329)
FN:3782,(anonymous_330)
FN:3788,(anonymous_331)
FN:3795,(anonymous_332)
FN:3802,(anonymous_333)
FN:3804,(anonymous_334)
FN:3809,(anonymous_335)
FN:3812,(anonymous_336)
FN:3819,(anonymous_337)
FN:3835,update
FN:3858,addStylesToDom
FN:3880,listToStyles
FN:3898,insertStyleElement
FN:3917,removeStyleElement
FN:3925,createStyleElement
FN:3932,createLinkElement
FN:3939,addStyle
FN:3955,(anonymous_346)
FN:3963,(anonymous_347)
FN:3970,updateStyle
FN:3981,(anonymous_349)
FN:3984,(anonymous_350)
FN:3990,applyToSingletonTag
FN:4007,applyToTag
FN:4025,updateLink
FN:4047,(anonymous_354)
FN:4061,(anonymous_355)
FN:4068,(anonymous_356)
FN:4073,(anonymous_357)
FN:4085,_interopDefault
FN:4089,createDecorator
FN:4090,(anonymous_360)
FN:4094,(anonymous_361)
FN:4097,warn
FN:4103,collectDataFromConstructor
FN:4104,(anonymous_364)
FN:4114,(anonymous_365)
FN:4117,(anonymous_366)
FN:4118,(anonymous_367)
FN:4125,(anonymous_368)
FN:4154,componentFactory
FN:4158,(anonymous_370)
FN:4178,(anonymous_371)
FN:4182,(anonymous_372)
FN:4191,Component
FN:4195,(anonymous_374)
FN:4199,(anonymous_375)
FN:4200,registerHooks
FN:4213,(anonymous_377)
FN:4226,(anonymous_378)
FN:4230,(anonymous_379)
FN:4247,(anonymous_380)
FN:4260,(anonymous_381)
FN:4264,(anonymous_382)
FN:4281,(anonymous_383)
FN:4294,(anonymous_384)
FN:4298,(anonymous_385)
FN:4315,(anonymous_386)
FN:4328,(anonymous_387)
FN:4332,(anonymous_388)
FN:4349,(anonymous_389)
FN:4366,(anonymous_390)
FN:4370,(anonymous_391)
FN:4387,(anonymous_392)
FN:4389,(anonymous_393)
FN:4419,(anonymous_394)
FN:4454,(anonymous_395)
FN:4456,(anonymous_396)
FN:4473,(anonymous_397)
FN:4475,(anonymous_398)
FN:4499,(anonymous_399)
FN:4501,(anonymous_400)
FN:4514,(anonymous_401)
FN:4516,(anonymous_402)
FN:4519,(anonymous_403)
FN:4522,(anonymous_404)
FN:4535,(anonymous_405)
FN:4549,(anonymous_406)
FN:4556,(anonymous_407)
FN:4561,(anonymous_408)
FN:4606,(anonymous_409)
FN:4612,(anonymous_410)
FN:4618,update
FN:4644,addStylesToDom
FN:4669,createStyleElement
FN:4676,addStyle
FN:4705,(anonymous_415)
FN:4712,updateStyle
FN:4726,(anonymous_417)
FN:4729,(anonymous_418)
FN:4735,applyToSingletonTag
FN:4752,applyToTag
FN:4782,(anonymous_421)
FN:4788,listToStyles
FN:4815,(anonymous_423)
FN:4862,showProblems
FN:4864,(anonymous_425)
FN:4877,clear
FN:4888,problemType
FN:4900,(anonymous_428)
FN:4920,upToDate
FN:4925,(anonymous_430)
FN:4932,check
FN:4933,(anonymous_432)
FN:4945,(anonymous_433)
FN:4957,(anonymous_434)
FN:4968,(anonymous_435)
FN:4975,logUpdates
FN:4976,(anonymous_437)
FN:4989,(anonymous_438)
FN:5002,(anonymous_439)
FN:5013,handleError
FN:5027,performReload
FN:5038,(anonymous_442)
FN:5040,(anonymous_443)
FN:5042,(anonymous_444)
FN:5048,(anonymous_445)
FN:5054,(anonymous_446)
FN:5066,(anonymous_447)
FN:5072,(anonymous_448)
FN:5078,(anonymous_449)
FN:5084,(anonymous_450)
FNF:451
FNH:0
FNDA:0,(anonymous_0)
FNDA:0,hotDisposeChunk
FNDA:0,webpackHotUpdateCallback
FNDA:0,hotDownloadUpdateChunk
FNDA:0,hotDownloadManifest
FNDA:0,(anonymous_5)
FNDA:0,(anonymous_6)
FNDA:0,hotCreateRequire
FNDA:0,(anonymous_8)
FNDA:0,ObjectFactory
FNDA:0,(anonymous_10)
FNDA:0,(anonymous_11)
FNDA:0,(anonymous_12)
FNDA:0,(anonymous_13)
FNDA:0,finishChunkLoading
FNDA:0,hotCreateModule
FNDA:0,(anonymous_16)
FNDA:0,(anonymous_17)
FNDA:0,(anonymous_18)
FNDA:0,(anonymous_19)
FNDA:0,(anonymous_20)
FNDA:0,(anonymous_21)
FNDA:0,(anonymous_22)
FNDA:0,(anonymous_23)
FNDA:0,(anonymous_24)
FNDA:0,(anonymous_25)
FNDA:0,hotSetStatus
FNDA:0,toModuleId
FNDA:0,hotCheck
FNDA:0,(anonymous_29)
FNDA:0,(anonymous_30)
FNDA:0,hotAddUpdateChunk
FNDA:0,hotEnsureUpdateChunk
FNDA:0,hotUpdateDownloaded
FNDA:0,(anonymous_34)
FNDA:0,(anonymous_35)
FNDA:0,hotApply
FNDA:0,getAffectedStuff
FNDA:0,(anonymous_38)
FNDA:0,addAllToSet
FNDA:0,warnUnexpectedRequire
FNDA:0,(anonymous_41)
FNDA:0,(anonymous_42)
FNDA:0,__webpack_require__
FNDA:0,(anonymous_44)
FNDA:0,(anonymous_45)
FNDA:0,(anonymous_46)
FNDA:0,getDefault
FNDA:0,getModuleExports
FNDA:0,(anonymous_49)
FNDA:0,(anonymous_50)
FNDA:0,(anonymous_51)
FNDA:0,(anonymous_52)
FNDA:0,(anonymous_53)
FNDA:0,(anonymous_54)
FNDA:0,makeOptionsHot
FNDA:0,(anonymous_56)
FNDA:0,(anonymous_57)
FNDA:0,injectHook
FNDA:0,tryWrap
FNDA:0,(anonymous_60)
FNDA:0,(anonymous_61)
FNDA:0,(anonymous_62)
FNDA:0,(anonymous_63)
FNDA:0,(anonymous_64)
FNDA:0,(anonymous_65)
FNDA:0,(anonymous_66)
FNDA:0,normalizeComponent
FNDA:0,(anonymous_68)
FNDA:0,(anonymous_69)
FNDA:0,(anonymous_70)
FNDA:0,(anonymous_71)
FNDA:0,(anonymous_72)
FNDA:0,(anonymous_73)
FNDA:0,Inject
FNDA:0,(anonymous_75)
FNDA:0,Provide
FNDA:0,(anonymous_77)
FNDA:0,(anonymous_78)
FNDA:0,Model
FNDA:0,(anonymous_80)
FNDA:0,Prop
FNDA:0,(anonymous_82)
FNDA:0,(anonymous_83)
FNDA:0,Watch
FNDA:0,(anonymous_85)
FNDA:0,(anonymous_86)
FNDA:0,(anonymous_87)
FNDA:0,toString
FNDA:0,(anonymous_89)
FNDA:0,(anonymous_90)
FNDA:0,Html5Entities
FNDA:0,(anonymous_92)
FNDA:0,(anonymous_93)
FNDA:0,(anonymous_94)
FNDA:0,(anonymous_95)
FNDA:0,(anonymous_96)
FNDA:0,(anonymous_97)
FNDA:0,(anonymous_98)
FNDA:0,(anonymous_99)
FNDA:0,(anonymous_100)
FNDA:0,createIndexes
FNDA:0,(anonymous_102)
FNDA:0,(anonymous_103)
FNDA:0,(anonymous_104)
FNDA:0,(anonymous_105)
FNDA:0,EventSourceWrapper
FNDA:0,(anonymous_107)
FNDA:0,init
FNDA:0,handleOnline
FNDA:0,handleMessage
FNDA:0,handleDisconnect
FNDA:0,(anonymous_112)
FNDA:0,getEventSourceWrapper
FNDA:0,connect
FNDA:0,handleMessage
FNDA:0,createReporter
FNDA:0,log
FNDA:0,(anonymous_118)
FNDA:0,(anonymous_119)
FNDA:0,(anonymous_120)
FNDA:0,(anonymous_121)
FNDA:0,(anonymous_122)
FNDA:0,processMessage
FNDA:0,subscribeAll
FNDA:0,subscribe
FNDA:0,useCustomOverlay
FNDA:0,(anonymous_127)
FNDA:0,(anonymous_128)
FNDA:0,(anonymous_129)
FNDA:0,ansiHTML
FNDA:0,(anonymous_131)
FNDA:0,(anonymous_132)
FNDA:0,(anonymous_133)
FNDA:0,(anonymous_134)
FNDA:0,(anonymous_135)
FNDA:0,(anonymous_136)
FNDA:0,_setTags
FNDA:0,(anonymous_138)
FNDA:0,(anonymous_139)
FNDA:0,(anonymous_140)
FNDA:0,(anonymous_141)
FNDA:0,(anonymous_142)
FNDA:0,(anonymous_143)
FNDA:0,(anonymous_144)
FNDA:0,__
FNDA:0,(anonymous_146)
FNDA:0,(anonymous_147)
FNDA:0,AppComponent
FNDA:0,(anonymous_149)
FNDA:0,(anonymous_150)
FNDA:0,(anonymous_151)
FNDA:0,(anonymous_152)
FNDA:0,(anonymous_153)
FNDA:0,__
FNDA:0,(anonymous_155)
FNDA:0,(anonymous_156)
FNDA:0,CounterComponent
FNDA:0,(anonymous_158)
FNDA:0,(anonymous_159)
FNDA:0,(anonymous_160)
FNDA:0,(anonymous_161)
FNDA:0,(anonymous_162)
FNDA:0,(anonymous_163)
FNDA:0,__
FNDA:0,(anonymous_165)
FNDA:0,(anonymous_166)
FNDA:0,FetchDataComponent
FNDA:0,(anonymous_168)
FNDA:0,(anonymous_169)
FNDA:0,(anonymous_170)
FNDA:0,(anonymous_171)
FNDA:0,(anonymous_172)
FNDA:0,Html4Entities
FNDA:0,(anonymous_174)
FNDA:0,(anonymous_175)
FNDA:0,(anonymous_176)
FNDA:0,(anonymous_177)
FNDA:0,(anonymous_178)
FNDA:0,(anonymous_179)
FNDA:0,(anonymous_180)
FNDA:0,(anonymous_181)
FNDA:0,(anonymous_182)
FNDA:0,(anonymous_183)
FNDA:0,XmlEntities
FNDA:0,(anonymous_185)
FNDA:0,(anonymous_186)
FNDA:0,(anonymous_187)
FNDA:0,(anonymous_188)
FNDA:0,(anonymous_189)
FNDA:0,(anonymous_190)
FNDA:0,(anonymous_191)
FNDA:0,(anonymous_192)
FNDA:0,(anonymous_193)
FNDA:0,(anonymous_194)
FNDA:0,(anonymous_195)
FNDA:0,defaultSetTimout
FNDA:0,defaultClearTimeout
FNDA:0,(anonymous_198)
FNDA:0,runTimeout
FNDA:0,runClearTimeout
FNDA:0,cleanUpNextTick
FNDA:0,drainQueue
FNDA:0,(anonymous_203)
FNDA:0,Item
FNDA:0,(anonymous_205)
FNDA:0,noop
FNDA:0,(anonymous_207)
FNDA:0,(anonymous_208)
FNDA:0,(anonymous_209)
FNDA:0,(anonymous_210)
FNDA:0,(anonymous_211)
FNDA:0,(anonymous_212)
FNDA:0,hasOwnProperty
FNDA:0,(anonymous_214)
FNDA:0,(anonymous_215)
FNDA:0,(anonymous_216)
FNDA:0,(anonymous_217)
FNDA:0,(anonymous_218)
FNDA:0,(anonymous_219)
FNDA:0,(anonymous_220)
FNDA:0,(anonymous_221)
FNDA:0,map
FNDA:0,(anonymous_223)
FNDA:0,(anonymous_224)
FNDA:0,(anonymous_225)
FNDA:0,(anonymous_226)
FNDA:0,(anonymous_227)
FNDA:0,(anonymous_228)
FNDA:0,(anonymous_229)
FNDA:0,(anonymous_230)
FNDA:0,(anonymous_231)
FNDA:0,(anonymous_232)
FNDA:0,(anonymous_233)
FNDA:0,(anonymous_234)
FNDA:0,(anonymous_235)
FNDA:0,decorate
FNDA:0,metadata
FNDA:0,decorator
FNDA:0,defineMetadata
FNDA:0,hasMetadata
FNDA:0,hasOwnMetadata
FNDA:0,getMetadata
FNDA:0,getOwnMetadata
FNDA:0,getMetadataKeys
FNDA:0,getOwnMetadataKeys
FNDA:0,deleteMetadata
FNDA:0,DecorateConstructor
FNDA:0,DecorateProperty
FNDA:0,GetOrCreateMetadataMap
FNDA:0,OrdinaryHasMetadata
FNDA:0,OrdinaryHasOwnMetadata
FNDA:0,OrdinaryGetMetadata
FNDA:0,OrdinaryGetOwnMetadata
FNDA:0,OrdinaryDefineOwnMetadata
FNDA:0,OrdinaryMetadataKeys
FNDA:0,OrdinaryOwnMetadataKeys
FNDA:0,Type
FNDA:0,IsUndefined
FNDA:0,IsNull
FNDA:0,IsSymbol
FNDA:0,IsObject
FNDA:0,ToPrimitive
FNDA:0,OrdinaryToPrimitive
FNDA:0,ToBoolean
FNDA:0,ToString
FNDA:0,ToPropertyKey
FNDA:0,IsArray
FNDA:0,IsCallable
FNDA:0,IsConstructor
FNDA:0,IsPropertyKey
FNDA:0,GetMethod
FNDA:0,GetIterator
FNDA:0,IteratorValue
FNDA:0,IteratorStep
FNDA:0,IteratorClose
FNDA:0,OrdinaryGetPrototypeOf
FNDA:0,CreateMapPolyfill
FNDA:0,(anonymous_278)
FNDA:0,MapIterator
FNDA:0,(anonymous_280)
FNDA:0,(anonymous_281)
FNDA:0,(anonymous_282)
FNDA:0,(anonymous_283)
FNDA:0,(anonymous_284)
FNDA:0,(anonymous_285)
FNDA:0,Map
FNDA:0,(anonymous_287)
FNDA:0,(anonymous_288)
FNDA:0,(anonymous_289)
FNDA:0,(anonymous_290)
FNDA:0,(anonymous_291)
FNDA:0,(anonymous_292)
FNDA:0,(anonymous_293)
FNDA:0,(anonymous_294)
FNDA:0,(anonymous_295)
FNDA:0,(anonymous_296)
FNDA:0,(anonymous_297)
FNDA:0,(anonymous_298)
FNDA:0,getKey
FNDA:0,getValue
FNDA:0,getEntry
FNDA:0,CreateSetPolyfill
FNDA:0,(anonymous_303)
FNDA:0,Set
FNDA:0,(anonymous_305)
FNDA:0,(anonymous_306)
FNDA:0,(anonymous_307)
FNDA:0,(anonymous_308)
FNDA:0,(anonymous_309)
FNDA:0,(anonymous_310)
FNDA:0,(anonymous_311)
FNDA:0,(anonymous_312)
FNDA:0,(anonymous_313)
FNDA:0,(anonymous_314)
FNDA:0,CreateWeakMapPolyfill
FNDA:0,(anonymous_316)
FNDA:0,WeakMap
FNDA:0,(anonymous_318)
FNDA:0,(anonymous_319)
FNDA:0,(anonymous_320)
FNDA:0,(anonymous_321)
FNDA:0,(anonymous_322)
FNDA:0,CreateUniqueKey
FNDA:0,GetOrCreateWeakMapTable
FNDA:0,FillRandomBytes
FNDA:0,GenRandomBytes
FNDA:0,CreateUUID
FNDA:0,MakeDictionary
FNDA:0,(anonymous_329)
FNDA:0,(anonymous_330)
FNDA:0,(anonymous_331)
FNDA:0,(anonymous_332)
FNDA:0,(anonymous_333)
FNDA:0,(anonymous_334)
FNDA:0,(anonymous_335)
FNDA:0,(anonymous_336)
FNDA:0,(anonymous_337)
FNDA:0,update
FNDA:0,addStylesToDom
FNDA:0,listToStyles
FNDA:0,insertStyleElement
FNDA:0,removeStyleElement
FNDA:0,createStyleElement
FNDA:0,createLinkElement
FNDA:0,addStyle
FNDA:0,(anonymous_346)
FNDA:0,(anonymous_347)
FNDA:0,updateStyle
FNDA:0,(anonymous_349)
FNDA:0,(anonymous_350)
FNDA:0,applyToSingletonTag
FNDA:0,applyToTag
FNDA:0,updateLink
FNDA:0,(anonymous_354)
FNDA:0,(anonymous_355)
FNDA:0,(anonymous_356)
FNDA:0,(anonymous_357)
FNDA:0,_interopDefault
FNDA:0,createDecorator
FNDA:0,(anonymous_360)
FNDA:0,(anonymous_361)
FNDA:0,warn
FNDA:0,collectDataFromConstructor
FNDA:0,(anonymous_364)
FNDA:0,(anonymous_365)
FNDA:0,(anonymous_366)
FNDA:0,(anonymous_367)
FNDA:0,(anonymous_368)
FNDA:0,componentFactory
FNDA:0,(anonymous_370)
FNDA:0,(anonymous_371)
FNDA:0,(anonymous_372)
FNDA:0,Component
FNDA:0,(anonymous_374)
FNDA:0,(anonymous_375)
FNDA:0,registerHooks
FNDA:0,(anonymous_377)
FNDA:0,(anonymous_378)
FNDA:0,(anonymous_379)
FNDA:0,(anonymous_380)
FNDA:0,(anonymous_381)
FNDA:0,(anonymous_382)
FNDA:0,(anonymous_383)
FNDA:0,(anonymous_384)
FNDA:0,(anonymous_385)
FNDA:0,(anonymous_386)
FNDA:0,(anonymous_387)
FNDA:0,(anonymous_388)
FNDA:0,(anonymous_389)
FNDA:0,(anonymous_390)
FNDA:0,(anonymous_391)
FNDA:0,(anonymous_392)
FNDA:0,(anonymous_393)
FNDA:0,(anonymous_394)
FNDA:0,(anonymous_395)
FNDA:0,(anonymous_396)
FNDA:0,(anonymous_397)
FNDA:0,(anonymous_398)
FNDA:0,(anonymous_399)
FNDA:0,(anonymous_400)
FNDA:0,(anonymous_401)
FNDA:0,(anonymous_402)
FNDA:0,(anonymous_403)
FNDA:0,(anonymous_404)
FNDA:0,(anonymous_405)
FNDA:0,(anonymous_406)
FNDA:0,(anonymous_407)
FNDA:0,(anonymous_408)
FNDA:0,(anonymous_409)
FNDA:0,(anonymous_410)
FNDA:0,update
FNDA:0,addStylesToDom
FNDA:0,createStyleElement
FNDA:0,addStyle
FNDA:0,(anonymous_415)
FNDA:0,updateStyle
FNDA:0,(anonymous_417)
FNDA:0,(anonymous_418)
FNDA:0,applyToSingletonTag
FNDA:0,applyToTag
FNDA:0,(anonymous_421)
FNDA:0,listToStyles
FNDA:0,(anonymous_423)
FNDA:0,showProblems
FNDA:0,(anonymous_425)
FNDA:0,clear
FNDA:0,problemType
FNDA:0,(anonymous_428)
FNDA:0,upToDate
FNDA:0,(anonymous_430)
FNDA:0,check
FNDA:0,(anonymous_432)
FNDA:0,(anonymous_433)
FNDA:0,(anonymous_434)
FNDA:0,(anonymous_435)
FNDA:0,logUpdates
FNDA:0,(anonymous_437)
FNDA:0,(anonymous_438)
FNDA:0,(anonymous_439)
FNDA:0,handleError
FNDA:0,performReload
FNDA:0,(anonymous_442)
FNDA:0,(anonymous_443)
FNDA:0,(anonymous_444)
FNDA:0,(anonymous_445)
FNDA:0,(anonymous_446)
FNDA:0,(anonymous_447)
FNDA:0,(anonymous_448)
FNDA:0,(anonymous_449)
FNDA:0,(anonymous_450)
DA:1,0
DA:3,0
DA:5,0
DA:6,0
DA:8,0
DA:9,0
DA:13,0
DA:14,0
DA:15,0
DA:16,0
DA:17,0
DA:18,0
DA:22,0
DA:23,0
DA:24,0
DA:25,0
DA:26,0
DA:27,0
DA:28,0
DA:29,0
DA:30,0
DA:32,0
DA:34,0
DA:35,0
DA:36,0
DA:38,0
DA:39,0
DA:41,0
DA:42,0
DA:44,0
DA:47,0
DA:48,0
DA:50,0
DA:51,0
DA:53,0
DA:61,0
DA:62,0
DA:63,0
DA:65,0
DA:66,0
DA:69,0
DA:70,0
DA:71,0
DA:72,0
DA:73,0
DA:74,0
DA:75,0
DA:77,0
DA:78,0
DA:80,0
DA:81,0
DA:83,0
DA:84,0
DA:86,0
DA:88,0
DA:89,0
DA:93,0
DA:96,0
DA:100,0
DA:101,0
DA:102,0
DA:105,0
DA:106,0
DA:107,0
DA:108,0
DA:109,0
DA:110,0
DA:111,0
DA:115,0
DA:116,0
DA:117,0
DA:118,0
DA:120,0
DA:121,0
DA:126,0
DA:130,0
DA:142,0
DA:143,0
DA:144,0
DA:145,0
DA:146,0
DA:147,0
DA:148,0
DA:150,0
DA:153,0
DA:154,0
DA:155,0
DA:156,0
DA:157,0
DA:159,0
DA:162,0
DA:165,0
DA:168,0
DA:169,0
DA:176,0
DA:177,0
DA:180,0
DA:183,0
DA:184,0
DA:190,0
DA:191,0
DA:194,0
DA:195,0
DA:198,0
DA:199,0
DA:200,0
DA:204,0
DA:205,0
DA:206,0
DA:207,0
DA:208,0
DA:215,0
DA:216,0
DA:220,0
DA:221,0
DA:222,0
DA:223,0
DA:224,0
DA:225,0
DA:226,0
DA:228,0
DA:229,0
DA:230,0
DA:231,0
DA:233,0
DA:234,0
DA:235,0
DA:240,0
DA:241,0
DA:244,0
DA:246,0
DA:247,0
DA:249,0
DA:254,0
DA:255,0
DA:256,0
DA:257,0
DA:258,0
DA:259,0
DA:262,0
DA:263,0
DA:268,0
DA:269,0
DA:271,0
DA:272,0
DA:273,0
DA:278,0
DA:279,0
DA:280,0
DA:281,0
DA:282,0
DA:283,0
DA:284,0
DA:286,0
DA:289,0
DA:290,0
DA:291,0
DA:292,0
DA:295,0
DA:300,0
DA:301,0
DA:310,0
DA:311,0
DA:313,0
DA:314,0
DA:319,0
DA:320,0
DA:321,0
DA:322,0
DA:323,0
DA:324,0
DA:325,0
DA:326,0
DA:327,0
DA:333,0
DA:334,0
DA:340,0
DA:341,0
DA:342,0
DA:343,0
DA:344,0
DA:345,0
DA:352,0
DA:353,0
DA:354,0
DA:355,0
DA:356,0
DA:357,0
DA:359,0
DA:360,0
DA:361,0
DA:368,0
DA:377,0
DA:378,0
DA:379,0
DA:380,0
DA:386,0
DA:387,0
DA:388,0
DA:390,0
DA:391,0
DA:394,0
DA:395,0
DA:396,0
DA:398,0
DA:399,0
DA:401,0
DA:406,0
DA:407,0
DA:408,0
DA:409,0
DA:410,0
DA:411,0
DA:413,0
DA:415,0
DA:416,0
DA:417,0
DA:418,0
DA:419,0
DA:421,0
DA:422,0
DA:423,0
DA:424,0
DA:425,0
DA:427,0
DA:428,0
DA:429,0
DA:430,0
DA:431,0
DA:433,0
DA:434,0
DA:435,0
DA:436,0
DA:438,0
DA:439,0
DA:440,0
DA:441,0
DA:443,0
DA:445,0
DA:446,0
DA:447,0
DA:449,0
DA:450,0
DA:451,0
DA:452,0
DA:453,0
DA:454,0
DA:455,0
DA:456,0
DA:460,0
DA:461,0
DA:462,0
DA:468,0
DA:469,0
DA:470,0
DA:471,0
DA:472,0
DA:479,0
DA:480,0
DA:481,0
DA:482,0
DA:487,0
DA:488,0
DA:489,0
DA:490,0
DA:491,0
DA:493,0
DA:496,0
DA:497,0
DA:498,0
DA:499,0
DA:501,0
DA:504,0
DA:507,0
DA:510,0
DA:511,0
DA:512,0
DA:513,0
DA:514,0
DA:515,0
DA:523,0
DA:524,0
DA:525,0
DA:526,0
DA:527,0
DA:528,0
DA:529,0
DA:530,0
DA:531,0
DA:538,0
DA:540,0
DA:543,0
DA:544,0
DA:545,0
DA:550,0
DA:551,0
DA:552,0
DA:553,0
DA:554,0
DA:555,0
DA:556,0
DA:557,0
DA:558,0
DA:559,0
DA:560,0
DA:562,0
DA:563,0
DA:564,0
DA:565,0
DA:567,0
DA:568,0
DA:575,0
DA:576,0
DA:577,0
DA:585,0
DA:586,0
DA:587,0
DA:588,0
DA:589,0
DA:590,0
DA:592,0
DA:593,0
DA:594,0
DA:596,0
DA:597,0
DA:604,0
DA:605,0
DA:606,0
DA:608,0
DA:609,0
DA:612,0
DA:613,0
DA:619,0
DA:620,0
DA:621,0
DA:628,0
DA:629,0
DA:630,0
DA:633,0
DA:634,0
DA:635,0
DA:640,0
DA:646,0
DA:647,0
DA:650,0
DA:660,0
DA:663,0
DA:666,0
DA:671,0
DA:674,0
DA:677,0
DA:680,0
DA:681,0
DA:682,0
DA:691,0
DA:692,0
DA:693,0
DA:694,0
DA:695,0
DA:696,0
DA:700,0
DA:703,0
DA:706,0
DA:709,0
DA:716,0
DA:724,0
DA:725,0
DA:726,0
DA:727,0
DA:729,0
DA:730,0
DA:731,0
DA:733,0
DA:734,0
DA:735,0
DA:738,0
DA:739,0
DA:742,0
DA:743,0
DA:744,0
DA:748,0
DA:760,0
DA:761,0
DA:762,0
DA:763,0
DA:764,0
DA:766,0
DA:767,0
DA:781,0
DA:782,0
DA:784,0
DA:785,0
DA:786,0
DA:800,0
DA:801,0
DA:809,0
DA:810,0
DA:811,0
DA:812,0
DA:817,0
DA:818,0
DA:819,0
DA:820,0
DA:821,0
DA:823,0
DA:825,0
DA:826,0
DA:828,0
DA:829,0
DA:830,0
DA:831,0
DA:832,0
DA:833,0
DA:834,0
DA:838,0
DA:839,0
DA:840,0
DA:841,0
DA:842,0
DA:844,0
DA:845,0
DA:847,0
DA:849,0
DA:850,0
DA:851,0
DA:852,0
DA:853,0
DA:855,0
DA:858,0
DA:859,0
DA:860,0
DA:862,0
DA:875,0
DA:882,0
DA:885,0
DA:886,0
DA:887,0
DA:888,0
DA:892,0
DA:897,0
DA:898,0
DA:899,0
DA:903,0
DA:904,0
DA:908,0
DA:909,0
DA:910,0
DA:911,0
DA:912,0
DA:914,0
DA:917,0
DA:929,0
DA:935,0
DA:940,0
DA:949,0
DA:954,0
DA:966,0
DA:967,0
DA:968,0
DA:969,0
DA:970,0
DA:971,0
DA:978,0
DA:979,0
DA:980,0
DA:982,0
DA:983,0
DA:987,0
DA:994,0
DA:995,0
DA:996,0
DA:997,0
DA:998,0
DA:999,0
DA:1000,0
DA:1001,0
DA:1002,0
DA:1004,0
DA:1006,0
DA:1009,0
DA:1016,0
DA:1017,0
DA:1020,0
DA:1027,0
DA:1028,0
DA:1029,0
DA:1030,0
DA:1032,0
DA:1033,0
DA:1037,0
DA:1045,0
DA:1046,0
DA:1047,0
DA:1048,0
DA:1049,0
DA:1051,0
DA:1054,0
DA:1066,0
DA:1067,0
DA:1070,0
DA:1071,0
DA:1072,0
DA:1073,0
DA:1074,0
DA:1075,0
DA:1077,0
DA:1080,0
DA:1084,0
DA:1085,0
DA:1086,0
DA:1087,0
DA:1088,0
DA:1089,0
DA:1090,0
DA:1091,0
DA:1093,0
DA:1094,0
DA:1099,0
DA:1100,0
DA:1101,0
DA:1102,0
DA:1103,0
DA:1105,0
DA:1109,0
DA:1117,0
DA:1119,0
DA:1120,0
DA:1122,0
DA:1133,0
DA:1134,0
DA:1135,0
DA:1137,0
DA:1139,0
DA:1140,0
DA:1144,0
DA:1145,0
DA:1148,0
DA:1150,0
DA:1158,0
DA:1159,0
DA:1166,0
DA:1167,0
DA:1168,0
DA:1170,0
DA:1171,0
DA:1172,0
DA:1173,0
DA:1174,0
DA:1175,0
DA:1176,0
DA:1177,0
DA:1178,0
DA:1180,0
DA:1182,0
DA:1183,0
DA:1184,0
DA:1185,0
DA:1188,0
DA:1189,0
DA:1191,0
DA:1198,0
DA:1199,0
DA:1206,0
DA:1207,0
DA:1208,0
DA:1210,0
DA:1211,0
DA:1212,0
DA:1213,0
DA:1214,0
DA:1215,0
DA:1216,0
DA:1217,0
DA:1218,0
DA:1219,0
DA:1221,0
DA:1223,0
DA:1224,0
DA:1225,0
DA:1226,0
DA:1229,0
DA:1230,0
DA:1232,0
DA:1234,0
DA:1236,0
DA:1243,0
DA:1244,0
DA:1251,0
DA:1252,0
DA:1253,0
DA:1255,0
DA:1256,0
DA:1257,0
DA:1258,0
DA:1259,0
DA:1260,0
DA:1261,0
DA:1262,0
DA:1264,0
DA:1265,0
DA:1267,0
DA:1274,0
DA:1275,0
DA:1283,0
DA:1284,0
DA:1285,0
DA:1286,0
DA:1287,0
DA:1288,0
DA:1289,0
DA:1290,0
DA:1292,0
DA:1293,0
DA:1295,0
DA:1296,0
DA:1297,0
DA:1298,0
DA:1300,0
DA:1301,0
DA:1306,0
DA:1314,0
DA:1315,0
DA:1316,0
DA:1317,0
DA:1318,0
DA:1319,0
DA:1320,0
DA:1325,0
DA:1326,0
DA:1331,0
DA:1334,0
DA:1342,0
DA:1345,0
DA:1354,0
DA:1355,0
DA:1356,0
DA:1357,0
DA:1358,0
DA:1359,0
DA:1360,0
DA:1361,0
DA:1362,0
DA:1364,0
DA:1365,0
DA:1367,0
DA:1368,0
DA:1369,0
DA:1371,0
DA:1372,0
DA:1376,0
DA:1378,0
DA:1379,0
DA:1385,0
DA:1390,0
DA:1391,0
DA:1393,0
DA:1394,0
DA:1395,0
DA:1396,0
DA:1401,0
DA:1402,0
DA:1403,0
DA:1404,0
DA:1408,0
DA:1409,0
DA:1413,0
DA:1414,0
DA:1415,0
DA:1420,0
DA:1421,0
DA:1422,0
DA:1425,0
DA:1427,0
DA:1433,0
DA:1434,0
DA:1436,0
DA:1439,0
DA:1441,0
DA:1445,0
DA:1448,0
DA:1449,0
DA:1451,0
DA:1452,0
DA:1454,0
DA:1455,0
DA:1465,0
DA:1467,0
DA:1468,0
DA:1469,0
DA:1471,0
DA:1475,0
DA:1478,0
DA:1479,0
DA:1482,0
DA:1486,0
DA:1488,0
DA:1489,0
DA:1490,0
DA:1492,0
DA:1495,0
DA:1496,0
DA:1497,0
DA:1500,0
DA:1501,0
DA:1502,0
DA:1503,0
DA:1505,0
DA:1513,0
DA:1515,0
DA:1518,0
DA:1519,0
DA:1521,0
DA:1524,0
DA:1527,0
DA:1532,0
DA:1537,0
DA:1539,0
DA:1540,0
DA:1545,0
DA:1547,0
DA:1548,0
DA:1555,0
DA:1556,0
DA:1558,0
DA:1559,0
DA:1561,0
DA:1562,0
DA:1563,0
DA:1565,0
DA:1567,0
DA:1569,0
DA:1571,0
DA:1573,0
DA:1574,0
DA:1578,0
DA:1579,0
DA:1583,0
DA:1584,0
DA:1586,0
DA:1589,0
DA:1592,0
DA:1603,0
DA:1612,0
DA:1615,0
DA:1617,0
DA:1629,0
DA:1639,0
DA:1647,0
DA:1653,0
DA:1654,0
DA:1664,0
DA:1665,0
DA:1669,0
DA:1671,0
DA:1672,0
DA:1673,0
DA:1675,0
DA:1676,0
DA:1677,0
DA:1680,0
DA:1681,0
DA:1684,0
DA:1685,0
DA:1687,0
DA:1688,0
DA:1690,0
DA:1694,0
DA:1695,0
DA:1697,0
DA:1704,0
DA:1705,0
DA:1706,0
DA:1709,0
DA:1710,0
DA:1711,0
DA:1712,0
DA:1713,0
DA:1714,0
DA:1716,0
DA:1717,0
DA:1718,0
DA:1720,0
DA:1721,0
DA:1723,0
DA:1725,0
DA:1726,0
DA:1727,0
DA:1729,0
DA:1730,0
DA:1731,0
DA:1734,0
DA:1735,0
DA:1736,0
DA:1738,0
DA:1740,0
DA:1746,0
DA:1747,0
DA:1754,0
DA:1756,0
DA:1757,0
DA:1758,0
DA:1760,0
DA:1761,0
DA:1764,0
DA:1765,0
DA:1770,0
DA:1772,0
DA:1774,0
DA:1776,0
DA:1777,0
DA:1778,0
DA:1779,0
DA:1780,0
DA:1781,0
DA:1785,0
DA:1794,0
DA:1795,0
DA:1804,0
DA:1805,0
DA:1806,0
DA:1807,0
DA:1808,0
DA:1809,0
DA:1810,0
DA:1811,0
DA:1812,0
DA:1813,0
DA:1814,0
DA:1815,0
DA:1818,0
DA:1819,0
DA:1820,0
DA:1821,0
DA:1822,0
DA:1826,0
DA:1827,0
DA:1829,0
DA:1831,0
DA:1833,0
DA:1840,0
DA:1848,0
DA:1849,0
DA:1850,0
DA:1851,0
DA:1852,0
DA:1853,0
DA:1854,0
DA:1855,0
DA:1856,0
DA:1857,0
DA:1858,0
DA:1859,0
DA:1862,0
DA:1863,0
DA:1864,0
DA:1865,0
DA:1866,0
DA:1870,0
DA:1871,0
DA:1873,0
DA:1874,0
DA:1875,0
DA:1877,0
DA:1878,0
DA:1880,0
DA:1882,0
DA:1885,0
DA:1893,0
DA:1894,0
DA:1895,0
DA:1896,0
DA:1897,0
DA:1898,0
DA:1899,0
DA:1900,0
DA:1901,0
DA:1902,0
DA:1903,0
DA:1904,0
DA:1907,0
DA:1908,0
DA:1909,0
DA:1910,0
DA:1911,0
DA:1915,0
DA:1916,0
DA:1918,0
DA:1919,0
DA:1920,0
DA:1922,0
DA:1923,0
DA:1924,0
DA:1925,0
DA:1927,0
DA:1930,0
DA:1932,0
DA:1935,0
DA:1943,0
DA:1955,0
DA:1956,0
DA:1958,0
DA:1959,0
DA:1961,0
DA:1962,0
DA:1963,0
DA:1964,0
DA:1965,0
DA:1966,0
DA:1967,0
DA:1968,0
DA:1980,0
DA:1981,0
DA:1982,0
DA:1984,0
DA:1986,0
DA:1987,0
DA:1991,0
DA:1992,0
DA:1995,0
DA:1997,0
DA:2005,0
DA:2006,0
DA:2013,0
DA:2014,0
DA:2015,0
DA:2017,0
DA:2018,0
DA:2019,0
DA:2020,0
DA:2021,0
DA:2022,0
DA:2023,0
DA:2025,0
DA:2032,0
DA:2033,0
DA:2040,0
DA:2041,0
DA:2042,0
DA:2044,0
DA:2045,0
DA:2046,0
DA:2047,0
DA:2048,0
DA:2049,0
DA:2050,0
DA:2051,0
DA:2052,0
DA:2053,0
DA:2055,0
DA:2057,0
DA:2059,0
DA:2066,0
DA:2067,0
DA:2074,0
DA:2075,0
DA:2076,0
DA:2078,0
DA:2079,0
DA:2080,0
DA:2081,0
DA:2082,0
DA:2083,0
DA:2084,0
DA:2085,0
DA:2087,0
DA:2088,0
DA:2090,0
DA:2097,0
DA:2098,0
DA:2101,0
DA:2108,0
DA:2121,0
DA:2129,0
DA:2146,0
DA:2147,0
DA:2148,0
DA:2150,0
DA:2151,0
DA:2159,0
DA:2160,0
DA:2167,0
DA:2168,0
DA:2169,0
DA:2171,0
DA:2172,0
DA:2173,0
DA:2177,0
DA:2178,0
DA:2180,0
DA:2182,0
DA:2190,0
DA:2191,0
DA:2198,0
DA:2199,0
DA:2200,0
DA:2202,0
DA:2203,0
DA:2204,0
DA:2205,0
DA:2206,0
DA:2207,0
DA:2208,0
DA:2209,0
DA:2210,0
DA:2211,0
DA:2213,0
DA:2214,0
DA:2216,0
DA:2218,0
DA:2220,0
DA:2227,0
DA:2228,0
DA:2235,0
DA:2236,0
DA:2237,0
DA:2239,0
DA:2240,0
DA:2241,0
DA:2242,0
DA:2243,0
DA:2244,0
DA:2245,0
DA:2246,0
DA:2248,0
DA:2249,0
DA:2251,0
DA:2258,0
DA:2259,0
DA:2262,0
DA:2270,0
DA:2281,0
DA:2284,0
DA:2286,0
DA:2287,0
DA:2288,0
DA:2289,0
DA:2291,0
DA:2294,0
DA:2296,0
DA:2297,0
DA:2298,0
DA:2300,0
DA:2303,0
DA:2307,0
DA:2309,0
DA:2312,0
DA:2313,0
DA:2314,0
DA:2316,0
DA:2318,0
DA:2320,0
DA:2322,0
DA:2325,0
DA:2332,0
DA:2334,0
DA:2337,0
DA:2338,0
DA:2339,0
DA:2341,0
DA:2343,0
DA:2345,0
DA:2347,0
DA:2351,0
DA:2358,0
DA:2359,0
DA:2361,0
DA:2364,0
DA:2365,0
DA:2367,0
DA:2368,0
DA:2369,0
DA:2371,0
DA:2373,0
DA:2374,0
DA:2379,0
DA:2380,0
DA:2382,0
DA:2383,0
DA:2385,0
DA:2386,0
DA:2387,0
DA:2388,0
DA:2389,0
DA:2390,0
DA:2391,0
DA:2394,0
DA:2395,0
DA:2397,0
DA:2398,0
DA:2399,0
DA:2402,0
DA:2403,0
DA:2404,0
DA:2405,0
DA:2406,0
DA:2409,0
DA:2410,0
DA:2411,0
DA:2417,0
DA:2418,0
DA:2420,0
DA:2421,0
DA:2423,0
DA:2424,0
DA:2425,0
DA:2426,0
DA:2427,0
DA:2428,0
DA:2432,0
DA:2433,0
DA:2434,0
DA:2435,0
DA:2436,0
DA:2437,0
DA:2438,0
DA:2439,0
DA:2440,0
DA:2442,0
DA:2444,0
DA:2445,0
DA:2448,0
DA:2449,0
DA:2450,0
DA:2452,0
DA:2487,0
DA:2490,0
DA:2491,0
DA:2492,0
DA:2493,0
DA:2495,0
DA:2496,0
DA:2499,0
DA:2500,0
DA:2502,0
DA:2503,0
DA:2504,0
DA:2507,0
DA:2509,0
DA:2510,0
DA:2513,0
DA:2514,0
DA:2515,0
DA:2518,0
DA:2519,0
DA:2520,0
DA:2522,0
DA:2523,0
DA:2526,0
DA:2527,0
DA:2529,0
DA:2530,0
DA:2531,0
DA:2532,0
DA:2534,0
DA:2538,0
DA:2541,0
DA:2542,0
DA:2574,0
DA:2575,0
DA:2577,0
DA:2580,0
DA:2583,0
DA:2586,0
DA:2590,0
DA:2591,0
DA:2592,0
DA:2593,0
DA:2594,0
DA:2597,0
DA:2598,0
DA:2599,0
DA:2600,0
DA:2601,0
DA:2602,0
DA:2605,0
DA:2611,0
DA:2612,0
DA:2616,0
DA:2617,0
DA:2621,0
DA:2622,0
DA:2623,0
DA:2624,0
DA:2626,0
DA:2629,0
DA:2630,0
DA:2631,0
DA:2632,0
DA:2634,0
DA:2645,0
DA:2646,0
DA:2653,0
DA:2668,0
DA:2670,0
DA:2672,0
DA:2673,0
DA:2674,0
DA:2676,0
DA:2677,0
DA:2678,0
DA:2679,0
DA:2681,0
DA:2682,0
DA:2684,0
DA:2685,0
DA:2686,0
DA:2687,0
DA:2688,0
DA:2689,0
DA:2690,0
DA:2691,0
DA:2694,0
DA:2695,0
DA:2696,0
DA:2697,0
DA:2698,0
DA:2701,0
DA:2742,0
DA:2743,0
DA:2744,0
DA:2745,0
DA:2746,0
DA:2747,0
DA:2748,0
DA:2749,0
DA:2750,0
DA:2751,0
DA:2752,0
DA:2755,0
DA:2756,0
DA:2757,0
DA:2758,0
DA:2759,0
DA:2762,0
DA:2807,0
DA:2808,0
DA:2809,0
DA:2810,0
DA:2811,0
DA:2813,0
DA:2815,0
DA:2856,0
DA:2857,0
DA:2858,0
DA:2859,0
DA:2860,0
DA:2862,0
DA:2898,0
DA:2899,0
DA:2900,0
DA:2901,0
DA:2902,0
DA:2904,0
DA:2940,0
DA:2941,0
DA:2942,0
DA:2943,0
DA:2944,0
DA:2946,0
DA:2982,0
DA:2983,0
DA:2984,0
DA:2985,0
DA:2986,0
DA:2988,0
DA:3024,0
DA:3025,0
DA:3026,0
DA:3027,0
DA:3028,0
DA:3030,0
DA:3065,0
DA:3066,0
DA:3067,0
DA:3068,0
DA:3069,0
DA:3071,0
DA:3106,0
DA:3107,0
DA:3108,0
DA:3109,0
DA:3110,0
DA:3112,0
DA:3148,0
DA:3149,0
DA:3150,0
DA:3151,0
DA:3152,0
DA:3153,0
DA:3154,0
DA:3155,0
DA:3156,0
DA:3157,0
DA:3158,0
DA:3159,0
DA:3160,0
DA:3161,0
DA:3162,0
DA:3163,0
DA:3164,0
DA:3166,0
DA:3168,0
DA:3169,0
DA:3170,0
DA:3171,0
DA:3172,0
DA:3173,0
DA:3174,0
DA:3177,0
DA:3180,0
DA:3181,0
DA:3182,0
DA:3183,0
DA:3184,0
DA:3185,0
DA:3186,0
DA:3189,0
DA:3192,0
DA:3193,0
DA:3194,0
DA:3195,0
DA:3196,0
DA:3197,0
DA:3199,0
DA:3200,0
DA:3201,0
DA:3202,0
DA:3203,0
DA:3204,0
DA:3206,0
DA:3211,0
DA:3212,0
DA:3213,0
DA:3214,0
DA:3215,0
DA:3216,0
DA:3217,0
DA:3222,0
DA:3223,0
DA:3224,0
DA:3225,0
DA:3230,0
DA:3231,0
DA:3232,0
DA:3233,0
DA:3234,0
DA:3235,0
DA:3236,0
DA:3241,0
DA:3242,0
DA:3243,0
DA:3244,0
DA:3249,0
DA:3250,0
DA:3255,0
DA:3256,0
DA:3257,0
DA:3258,0
DA:3259,0
DA:3260,0
DA:3261,0
DA:3262,0
DA:3263,0
DA:3264,0
DA:3265,0
DA:3266,0
DA:3267,0
DA:3268,0
DA:3269,0
DA:3270,0
DA:3271,0
DA:3274,0
DA:3275,0
DA:3276,0
DA:3277,0
DA:3278,0
DA:3279,0
DA:3282,0
DA:3287,0
DA:3288,0
DA:3289,0
DA:3290,0
DA:3291,0
DA:3292,0
DA:3293,0
DA:3294,0
DA:3295,0
DA:3296,0
DA:3297,0
DA:3298,0
DA:3300,0
DA:3301,0
DA:3302,0
DA:3305,0
DA:3306,0
DA:3309,0
DA:3312,0
DA:3318,0
DA:3319,0
DA:3320,0
DA:3321,0
DA:3322,0
DA:3323,0
DA:3324,0
DA:3325,0
DA:3326,0
DA:3327,0
DA:3333,0
DA:3338,0
DA:3343,0
DA:3348,0
DA:3355,0
DA:3356,0
DA:3357,0
DA:3358,0
DA:3359,0
DA:3360,0
DA:3361,0
DA:3363,0
DA:3364,0
DA:3365,0
DA:3366,0
DA:3367,0
DA:3368,0
DA:3369,0
DA:3371,0
DA:3376,0
DA:3377,0
DA:3378,0
DA:3379,0
DA:3380,0
DA:3381,0
DA:3383,0
DA:3384,0
DA:3385,0
DA:3386,0
DA:3387,0
DA:3391,0
DA:3392,0
DA:3393,0
DA:3394,0
DA:3395,0
DA:3397,0
DA:3398,0
DA:3399,0
DA:3400,0
DA:3401,0
DA:3404,0
DA:3409,0
DA:3414,0
DA:3419,0
DA:3420,0
DA:3421,0
DA:3422,0
DA:3429,0
DA:3439,0
DA:3445,0
DA:3450,0
DA:3451,0
DA:3452,0
DA:3453,0
DA:3461,0
DA:3462,0
DA:3463,0
DA:3464,0
DA:3465,0
DA:3466,0
DA:3471,0
DA:3472,0
DA:3473,0
DA:3474,0
DA:3475,0
DA:3476,0
DA:3477,0
DA:3482,0
DA:3487,0
DA:3488,0
DA:3493,0
DA:3494,0
DA:3495,0
DA:3502,0
DA:3503,0
DA:3504,0
DA:3512,0
DA:3513,0
DA:3515,0
DA:3516,0
DA:3517,0
DA:3518,0
DA:3520,0
DA:3521,0
DA:3522,0
DA:3524,0
DA:3525,0
DA:3527,0
DA:3531,0
DA:3532,0
DA:3533,0
DA:3535,0
DA:3536,0
DA:3537,0
DA:3538,0
DA:3540,0
DA:3541,0
DA:3542,0
DA:3543,0
DA:3544,0
DA:3545,0
DA:3546,0
DA:3547,0
DA:3548,0
DA:3549,0
DA:3552,0
DA:3554,0
DA:3556,0
DA:3558,0
DA:3559,0
DA:3560,0
DA:3561,0
DA:3562,0
DA:3564,0
DA:3566,0
DA:3567,0
DA:3568,0
DA:3569,0
DA:3570,0
DA:3572,0
DA:3574,0
DA:3576,0
DA:3578,0
DA:3579,0
DA:3580,0
DA:3581,0
DA:3583,0
DA:3584,0
DA:3588,0
DA:3589,0
DA:3590,0
DA:3591,0
DA:3593,0
DA:3594,0
DA:3595,0
DA:3596,0
DA:3598,0
DA:3599,0
DA:3600,0
DA:3601,0
DA:3602,0
DA:3603,0
DA:3604,0
DA:3606,0
DA:3607,0
DA:3608,0
DA:3609,0
DA:3610,0
DA:3612,0
DA:3614,0
DA:3616,0
DA:3617,0
DA:3618,0
DA:3619,0
DA:3620,0
DA:3622,0
DA:3623,0
DA:3624,0
DA:3625,0
DA:3626,0
DA:3627,0
DA:3628,0
DA:3629,0
DA:3631,0
DA:3632,0
DA:3633,0
DA:3634,0
DA:3636,0
DA:3638,0
DA:3641,0
DA:3644,0
DA:3647,0
DA:3652,0
DA:3654,0
DA:3656,0
DA:3657,0
DA:3661,0
DA:3662,0
DA:3663,0
DA:3664,0
DA:3665,0
DA:3666,0
DA:3667,0
DA:3668,0
DA:3669,0
DA:3670,0
DA:3675,0
DA:3676,0
DA:3677,0
DA:3678,0
DA:3680,0
DA:3682,0
DA:3683,0
DA:3684,0
DA:3686,0
DA:3687,0
DA:3688,0
DA:3690,0
DA:3691,0
DA:3692,0
DA:3693,0
DA:3695,0
DA:3696,0
DA:3697,0
DA:3699,0
DA:3701,0
DA:3703,0
DA:3707,0
DA:3708,0
DA:3710,0
DA:3711,0
DA:3714,0
DA:3715,0
DA:3716,0
DA:3717,0
DA:3719,0
DA:3722,0
DA:3723,0
DA:3724,0
DA:3727,0
DA:3728,0
DA:3729,0
DA:3730,0
DA:3731,0
DA:3732,0
DA:3734,0
DA:3737,0
DA:3739,0
DA:3740,0
DA:3741,0
DA:3742,0
DA:3743,0
DA:3744,0
DA:3745,0
DA:3746,0
DA:3747,0
DA:3748,0
DA:3750,0
DA:3755,0
DA:3756,0
DA:3757,0
DA:3760,0
DA:3761,0
DA:3762,0
DA:3763,0
DA:3764,0
DA:3765,0
DA:3771,0
DA:3786,0
DA:3788,0
DA:3789,0
DA:3801,0
DA:3802,0
DA:3804,0
DA:3805,0
DA:3806,0
DA:3809,0
DA:3810,0
DA:3812,0
DA:3813,0
DA:3815,0
DA:3816,0
DA:3817,0
DA:3819,0
DA:3820,0
DA:3821,0
DA:3824,0
DA:3827,0
DA:3830,0
DA:3832,0
DA:3833,0
DA:3835,0
DA:3836,0
DA:3837,0
DA:3838,0
DA:3839,0
DA:3840,0
DA:3841,0
DA:3843,0
DA:3844,0
DA:3845,0
DA:3847,0
DA:3848,0
DA:3849,0
DA:3850,0
DA:3851,0
DA:3852,0
DA:3859,0
DA:3860,0
DA:3861,0
DA:3862,0
DA:3863,0
DA:3864,0
DA:3865,0
DA:3867,0
DA:3868,0
DA:3871,0
DA:3872,0
DA:3873,0
DA:3875,0
DA:3881,0
DA:3882,0
DA:3883,0
DA:3884,0
DA:3885,0
DA:3886,0
DA:3887,0
DA:3888,0
DA:3889,0
DA:3890,0
DA:3891,0
DA:3893,0
DA:3895,0
DA:3899,0
DA:3900,0
DA:3901,0
DA:3902,0
DA:3903,0
DA:3904,0
DA:3905,0
DA:3907,0
DA:3909,0
DA:3910,0
DA:3911,0
DA:3913,0
DA:3918,0
DA:3919,0
DA:3920,0
DA:3921,0
DA:3926,0
DA:3927,0
DA:3928,0
DA:3929,0
DA:3933,0
DA:3934,0
DA:3935,0
DA:3936,0
DA:3942,0
DA:3943,0
DA:3944,0
DA:3945,0
DA:3946,0
DA:3947,0
DA:3953,0
DA:3954,0
DA:3955,0
DA:3956,0
DA:3957,0
DA:3958,0
DA:3961,0
DA:3962,0
DA:3963,0
DA:3964,0
DA:3968,0
DA:3970,0
DA:3971,0
DA:3972,0
DA:3973,0
DA:3974,0
DA:3976,0
DA:3981,0
DA:3982,0
DA:3984,0
DA:3985,0
DA:3986,0
DA:3991,0
DA:3993,0
DA:3994,0
DA:3996,0
DA:3997,0
DA:3998,0
DA:3999,0
DA:4000,0
DA:4002,0
DA:4008,0
DA:4009,0
DA:4011,0
DA:4012,0
DA:4015,0
DA:4016,0
DA:4018,0
DA:4019,0
DA:4021,0
DA:4026,0
DA:4027,0
DA:4029,0
DA:4031,0
DA:4034,0
DA:4036,0
DA:4038,0
DA:4040,0
DA:4041,0
DA:4052,0
DA:4053,0
DA:4055,0
DA:4056,0
DA:4058,0
DA:4060,0
DA:4061,0
DA:4062,0
DA:4063,0
DA:4064,0
DA:4068,0
DA:4083,0
DA:4085,0
DA:4087,0
DA:4090,0
DA:4091,0
DA:4092,0
DA:4094,0
DA:4098,0
DA:4099,0
DA:4104,0
DA:4105,0
DA:4106,0
DA:4107,0
DA:4108,0
DA:4109,0
DA:4110,0
DA:4114,0
DA:4115,0
DA:4116,0
DA:4117,0
DA:4118,0
DA:4123,0
DA:4124,0
DA:4125,0
DA:4126,0
DA:4127,0
DA:4130,0
DA:4131,0
DA:4132,0
DA:4136,0
DA:4139,0
DA:4153,0
DA:4155,0
DA:4156,0
DA:4157,0
DA:4158,0
DA:4159,0
DA:4160,0
DA:4162,0
DA:4163,0
DA:4164,0
DA:4166,0
DA:4167,0
DA:4168,0
DA:4170,0
DA:4171,0
DA:4177,0
DA:4179,0
DA:4182,0
DA:4183,0
DA:4184,0
DA:4185,0
DA:4188,0
DA:4192,0
DA:4193,0
DA:4195,0
DA:4196,0
DA:4199,0
DA:4201,0
DA:4203,0
DA:4205,0
DA:4207,0
DA:4208,0
DA:4215,0
DA:4225,0
DA:4226,0
DA:4227,0
DA:4230,0
DA:4231,0
DA:4232,0
DA:4233,0
DA:4234,0
DA:4235,0
DA:4236,0
DA:4238,0
DA:4242,0
DA:4249,0
DA:4259,0
DA:4260,0
DA:4261,0
DA:4264,0
DA:4265,0
DA:4266,0
DA:4267,0
DA:4268,0
DA:4269,0
DA:4270,0
DA:4272,0
DA:4276,0
DA:4283,0
DA:4293,0
DA:4294,0
DA:4295,0
DA:4298,0
DA:4299,0
DA:4300,0
DA:4301,0
DA:4302,0
DA:4303,0
DA:4304,0
DA:4306,0
DA:4310,0
DA:4317,0
DA:4327,0
DA:4328,0
DA:4329,0
DA:4332,0
DA:4333,0
DA:4334,0
DA:4335,0
DA:4336,0
DA:4337,0
DA:4338,0
DA:4340,0
DA:4344,0
DA:4353,0
DA:4355,0
DA:4365,0
DA:4366,0
DA:4367,0
DA:4370,0
DA:4371,0
DA:4372,0
DA:4373,0
DA:4374,0
DA:4375,0
DA:4376,0
DA:4378,0
DA:4382,0
DA:4389,0
DA:4390,0
DA:4419,0
DA:4420,0
DA:4444,0
DA:4445,0
DA:4446,0
DA:4447,0
DA:4448,0
DA:4456,0
DA:4457,0
DA:4463,0
DA:4464,0
DA:4465,0
DA:4466,0
DA:4467,0
DA:4475,0
DA:4476,0
DA:4489,0
DA:4490,0
DA:4491,0
DA:4492,0
DA:4493,0
DA:4501,0
DA:4502,0
DA:4504,0
DA:4505,0
DA:4506,0
DA:4507,0
DA:4508,0
DA:4516,0
DA:4517,0
DA:4520,0
DA:4522,0
DA:4523,0
DA:4525,0
DA:4526,0
DA:4527,0
DA:4528,0
DA:4529,0
DA:4540,0
DA:4541,0
DA:4542,0
DA:4544,0
DA:4546,0
DA:4548,0
DA:4549,0
DA:4550,0
DA:4551,0
DA:4552,0
DA:4556,0
DA:4569,0
DA:4571,0
DA:4572,0
DA:4573,0
DA:4579,0
DA:4594,0
DA:4602,0
DA:4603,0
DA:4604,0
DA:4605,0
DA:4606,0
DA:4610,0
DA:4612,0
DA:4613,0
DA:4615,0
DA:4616,0
DA:4618,0
DA:4619,0
DA:4620,0
DA:4621,0
DA:4622,0
DA:4623,0
DA:4624,0
DA:4626,0
DA:4627,0
DA:4628,0
DA:4630,0
DA:4632,0
DA:4633,0
DA:4634,0
DA:4635,0
DA:4636,0
DA:4638,0
DA:4645,0
DA:4646,0
DA:4647,0
DA:4648,0
DA:4649,0
DA:4650,0
DA:4651,0
DA:4653,0
DA:4654,0
DA:4656,0
DA:4657,0
DA:4660,0
DA:4661,0
DA:4662,0
DA:4664,0
DA:4670,0
DA:4671,0
DA:4672,0
DA:4673,0
DA:4678,0
DA:4680,0
DA:4681,0
DA:4684,0
DA:4691,0
DA:4695,0
DA:4697,0
DA:4698,0
DA:4699,0
DA:4700,0
DA:4703,0
DA:4704,0
DA:4705,0
DA:4706,0
DA:4710,0
DA:4712,0
DA:4713,0
DA:4714,0
DA:4717,0
DA:4719,0
DA:4721,0
DA:4726,0
DA:4727,0
DA:4729,0
DA:4730,0
DA:4731,0
DA:4736,0
DA:4738,0
DA:4739,0
DA:4741,0
DA:4742,0
DA:4743,0
DA:4744,0
DA:4745,0
DA:4747,0
DA:4753,0
DA:4754,0
DA:4755,0
DA:4757,0
DA:4758,0
DA:4761,0
DA:4764,0
DA:4766,0
DA:4769,0
DA:4770,0
DA:4772,0
DA:4773,0
DA:4775,0
DA:4788,0
DA:4789,0
DA:4790,0
DA:4791,0
DA:4792,0
DA:4793,0
DA:4794,0
DA:4795,0
DA:4796,0
DA:4797,0
DA:4803,0
DA:4804,0
DA:4806,0
DA:4809,0
DA:4819,0
DA:4820,0
DA:4821,0
DA:4839,0
DA:4840,0
DA:4843,0
DA:4844,0
DA:4856,0
DA:4858,0
DA:4859,0
DA:4861,0
DA:4863,0
DA:4864,0
DA:4865,0
DA:4866,0
DA:4867,0
DA:4868,0
DA:4869,0
DA:4871,0
DA:4872,0
DA:4876,0
DA:4878,0
DA:4879,0
DA:4883,0
DA:4889,0
DA:4890,0
DA:4910,0
DA:4911,0
DA:4914,0
DA:4917,0
DA:4918,0
DA:4921,0
DA:4922,0
DA:4925,0
DA:4926,0
DA:4927,0
DA:4928,0
DA:4929,0
DA:4933,0
DA:4934,0
DA:4936,0
DA:4937,0
DA:4938,0
DA:4939,0
DA:4941,0
DA:4942,0
DA:4945,0
DA:4946,0
DA:4948,0
DA:4950,0
DA:4953,0
DA:4955,0
DA:4957,0
DA:4958,0
DA:4960,0
DA:4965,0
DA:4967,0
DA:4968,0
DA:4969,0
DA:4971,0
DA:4976,0
DA:4977,0
DA:4980,0
DA:4981,0
DA:4982,0
DA:4989,0
DA:4990,0
DA:4993,0
DA:4994,0
DA:4997,0
DA:4998,0
DA:4999,0
DA:5001,0
DA:5002,0
DA:5003,0
DA:5007,0
DA:5008,0
DA:5014,0
DA:5015,0
DA:5016,0
DA:5017,0
DA:5019,0
DA:5020,0
DA:5022,0
DA:5023,0
DA:5028,0
DA:5029,0
DA:5030,0
DA:5040,0
DA:5041,0
DA:5042,0
DA:5043,0
DA:5045,0
DA:5046,0
DA:5049,0
DA:5052,0
DA:5055,0
DA:5058,0
DA:5060,0
DA:5068,0
DA:5074,0
DA:5080,0
DA:5086,0
DA:5087,0
DA:5088,0
LF:2209
LH:0
BRDA:9,0,0,0
BRDA:9,0,1,0
BRDA:23,1,0,0
BRDA:23,1,1,0
BRDA:35,2,0,0
BRDA:35,2,1,0
BRDA:36,3,0,0
BRDA:36,3,1,0
BRDA:39,4,0,0
BRDA:39,4,1,0
BRDA:42,5,0,0
BRDA:42,5,1,0
BRDA:42,6,0,0
BRDA:42,6,1,0
BRDA:70,7,0,0
BRDA:70,7,1,0
BRDA:72,8,0,0
BRDA:72,8,1,0
BRDA:73,9,0,0
BRDA:73,9,1,0
BRDA:74,10,0,0
BRDA:74,10,1,0
BRDA:80,11,0,0
BRDA:80,11,1,0
BRDA:101,12,0,0
BRDA:101,12,1,0
BRDA:101,13,0,0
BRDA:101,13,1,0
BRDA:106,14,0,0
BRDA:106,14,1,0
BRDA:116,15,0,0
BRDA:116,15,1,0
BRDA:117,16,0,0
BRDA:117,16,1,0
BRDA:120,17,0,0
BRDA:120,17,1,0
BRDA:120,18,0,0
BRDA:120,18,1,0
BRDA:142,19,0,0
BRDA:142,19,1,0
BRDA:144,20,0,0
BRDA:144,20,1,0
BRDA:146,21,0,0
BRDA:146,21,1,0
BRDA:148,22,0,0
BRDA:148,22,1,0
BRDA:150,23,0,0
BRDA:150,23,1,0
BRDA:153,24,0,0
BRDA:153,24,1,0
BRDA:155,25,0,0
BRDA:155,25,1,0
BRDA:169,26,0,0
BRDA:169,26,1,0
BRDA:176,27,0,0
BRDA:176,27,1,0
BRDA:184,28,0,0
BRDA:184,28,1,0
BRDA:216,29,0,0
BRDA:216,29,1,0
BRDA:220,30,0,0
BRDA:220,30,1,0
BRDA:224,31,0,0
BRDA:224,31,1,0
BRDA:246,32,0,0
BRDA:246,32,1,0
BRDA:246,33,0,0
BRDA:246,33,1,0
BRDA:246,33,2,0
BRDA:254,34,0,0
BRDA:254,34,1,0
BRDA:254,35,0,0
BRDA:254,35,1,0
BRDA:258,36,0,0
BRDA:258,36,1,0
BRDA:262,37,0,0
BRDA:262,37,1,0
BRDA:262,38,0,0
BRDA:262,38,1,0
BRDA:268,39,0,0
BRDA:268,39,1,0
BRDA:281,40,0,0
BRDA:281,40,1,0
BRDA:282,41,0,0
BRDA:282,41,1,0
BRDA:291,42,0,0
BRDA:291,42,1,0
BRDA:300,43,0,0
BRDA:300,43,1,0
BRDA:301,44,0,0
BRDA:301,44,1,0
BRDA:324,45,0,0
BRDA:324,45,1,0
BRDA:324,46,0,0
BRDA:324,46,1,0
BRDA:326,47,0,0
BRDA:326,47,1,0
BRDA:333,48,0,0
BRDA:333,48,1,0
BRDA:343,49,0,0
BRDA:343,49,1,0
BRDA:344,50,0,0
BRDA:344,50,1,0
BRDA:352,51,0,0
BRDA:352,51,1,0
BRDA:353,52,0,0
BRDA:353,52,1,0
BRDA:354,53,0,0
BRDA:354,53,1,0
BRDA:379,54,0,0
BRDA:379,54,1,0
BRDA:395,55,0,0
BRDA:395,55,1,0
BRDA:398,56,0,0
BRDA:398,56,1,0
BRDA:410,57,0,0
BRDA:410,57,1,0
BRDA:413,58,0,0
BRDA:413,58,1,0
BRDA:413,58,2,0
BRDA:413,58,3,0
BRDA:413,58,4,0
BRDA:413,58,5,0
BRDA:415,59,0,0
BRDA:415,59,1,0
BRDA:417,60,0,0
BRDA:417,60,1,0
BRDA:421,61,0,0
BRDA:421,61,1,0
BRDA:423,62,0,0
BRDA:423,62,1,0
BRDA:427,63,0,0
BRDA:427,63,1,0
BRDA:429,64,0,0
BRDA:429,64,1,0
BRDA:433,65,0,0
BRDA:433,65,1,0
BRDA:438,66,0,0
BRDA:438,66,1,0
BRDA:445,67,0,0
BRDA:445,67,1,0
BRDA:449,68,0,0
BRDA:449,68,1,0
BRDA:453,69,0,0
BRDA:453,69,1,0
BRDA:454,70,0,0
BRDA:454,70,1,0
BRDA:460,71,0,0
BRDA:460,71,1,0
BRDA:471,72,0,0
BRDA:471,72,1,0
BRDA:471,73,0,0
BRDA:471,73,1,0
BRDA:481,74,0,0
BRDA:481,74,1,0
BRDA:491,75,0,0
BRDA:491,75,1,0
BRDA:512,76,0,0
BRDA:512,76,1,0
BRDA:514,77,0,0
BRDA:514,77,1,0
BRDA:524,78,0,0
BRDA:524,78,1,0
BRDA:526,79,0,0
BRDA:526,79,1,0
BRDA:531,80,0,0
BRDA:531,80,1,0
BRDA:544,81,0,0
BRDA:544,81,1,0
BRDA:552,82,0,0
BRDA:552,82,1,0
BRDA:559,83,0,0
BRDA:559,83,1,0
BRDA:567,84,0,0
BRDA:567,84,1,0
BRDA:575,85,0,0
BRDA:575,85,1,0
BRDA:576,86,0,0
BRDA:576,86,1,0
BRDA:592,87,0,0
BRDA:592,87,1,0
BRDA:596,88,0,0
BRDA:596,88,1,0
BRDA:604,89,0,0
BRDA:604,89,1,0
BRDA:605,90,0,0
BRDA:605,90,1,0
BRDA:608,91,0,0
BRDA:608,91,1,0
BRDA:612,92,0,0
BRDA:612,92,1,0
BRDA:619,93,0,0
BRDA:619,93,1,0
BRDA:620,94,0,0
BRDA:620,94,1,0
BRDA:628,95,0,0
BRDA:628,95,1,0
BRDA:646,96,0,0
BRDA:646,96,1,0
BRDA:681,97,0,0
BRDA:681,97,1,0
BRDA:692,98,0,0
BRDA:692,98,1,0
BRDA:692,99,0,0
BRDA:692,99,1,0
BRDA:730,100,0,0
BRDA:730,100,1,0
BRDA:733,101,0,0
BRDA:733,101,1,0
BRDA:738,102,0,0
BRDA:738,102,1,0
BRDA:743,103,0,0
BRDA:743,103,1,0
BRDA:762,104,0,0
BRDA:762,104,1,0
BRDA:801,105,0,0
BRDA:801,105,1,0
BRDA:802,106,0,0
BRDA:802,106,1,0
BRDA:819,107,0,0
BRDA:819,107,1,0
BRDA:825,108,0,0
BRDA:825,108,1,0
BRDA:840,109,0,0
BRDA:840,109,1,0
BRDA:841,110,0,0
BRDA:841,110,1,0
BRDA:845,111,0,0
BRDA:845,111,1,0
BRDA:853,112,0,0
BRDA:853,112,1,0
BRDA:859,113,0,0
BRDA:859,113,1,0
BRDA:859,114,0,0
BRDA:859,114,1,0
BRDA:882,115,0,0
BRDA:882,115,1,0
BRDA:886,116,0,0
BRDA:886,116,1,0
BRDA:886,117,0,0
BRDA:886,117,1,0
BRDA:892,118,0,0
BRDA:892,118,1,0
BRDA:897,119,0,0
BRDA:897,119,1,0
BRDA:903,120,0,0
BRDA:903,120,1,0
BRDA:908,121,0,0
BRDA:908,121,1,0
BRDA:909,122,0,0
BRDA:909,122,1,0
BRDA:979,123,0,0
BRDA:979,123,1,0
BRDA:982,124,0,0
BRDA:982,124,1,0
BRDA:983,125,0,0
BRDA:983,125,1,0
BRDA:996,126,0,0
BRDA:996,126,1,0
BRDA:996,127,0,0
BRDA:996,127,1,0
BRDA:999,128,0,0
BRDA:999,128,1,0
BRDA:999,129,0,0
BRDA:999,129,1,0
BRDA:1006,130,0,0
BRDA:1006,130,1,0
BRDA:1017,131,0,0
BRDA:1017,131,1,0
BRDA:1027,132,0,0
BRDA:1027,132,1,0
BRDA:1029,133,0,0
BRDA:1029,133,1,0
BRDA:1029,134,0,0
BRDA:1029,134,1,0
BRDA:1033,135,0,0
BRDA:1033,135,1,0
BRDA:1045,136,0,0
BRDA:1045,136,1,0
BRDA:1046,137,0,0
BRDA:1046,137,1,0
BRDA:1046,138,0,0
BRDA:1046,138,1,0
BRDA:1048,139,0,0
BRDA:1048,139,1,0
BRDA:1074,140,0,0
BRDA:1074,140,1,0
BRDA:1085,141,0,0
BRDA:1085,141,1,0
BRDA:1090,142,0,0
BRDA:1090,142,1,0
BRDA:1099,143,0,0
BRDA:1099,143,1,0
BRDA:1099,144,0,0
BRDA:1099,144,1,0
BRDA:1100,145,0,0
BRDA:1100,145,1,0
BRDA:1100,146,0,0
BRDA:1100,146,1,0
BRDA:1102,147,0,0
BRDA:1102,147,1,0
BRDA:1134,148,0,0
BRDA:1134,148,1,0
BRDA:1134,149,0,0
BRDA:1134,149,1,0
BRDA:1139,150,0,0
BRDA:1139,150,1,0
BRDA:1140,151,0,0
BRDA:1140,151,1,0
BRDA:1144,152,0,0
BRDA:1144,152,1,0
BRDA:1144,153,0,0
BRDA:1144,153,1,0
BRDA:1144,153,2,0
BRDA:1150,154,0,0
BRDA:1150,154,1,0
BRDA:1167,155,0,0
BRDA:1167,155,1,0
BRDA:1167,156,0,0
BRDA:1167,156,1,0
BRDA:1175,157,0,0
BRDA:1175,157,1,0
BRDA:1177,158,0,0
BRDA:1177,158,1,0
BRDA:1182,159,0,0
BRDA:1182,159,1,0
BRDA:1207,160,0,0
BRDA:1207,160,1,0
BRDA:1207,161,0,0
BRDA:1207,161,1,0
BRDA:1216,162,0,0
BRDA:1216,162,1,0
BRDA:1218,163,0,0
BRDA:1218,163,1,0
BRDA:1223,164,0,0
BRDA:1223,164,1,0
BRDA:1229,165,0,0
BRDA:1229,165,1,0
BRDA:1229,166,0,0
BRDA:1229,166,1,0
BRDA:1252,167,0,0
BRDA:1252,167,1,0
BRDA:1252,168,0,0
BRDA:1252,168,1,0
BRDA:1260,169,0,0
BRDA:1260,169,1,0
BRDA:1290,170,0,0
BRDA:1290,170,1,0
BRDA:1290,170,2,0
BRDA:1290,170,3,0
BRDA:1290,170,4,0
BRDA:1290,170,5,0
BRDA:1290,170,6,0
BRDA:1292,171,0,0
BRDA:1292,171,1,0
BRDA:1293,172,0,0
BRDA:1293,172,1,0
BRDA:1295,173,0,0
BRDA:1295,173,1,0
BRDA:1298,174,0,0
BRDA:1298,174,1,0
BRDA:1301,175,0,0
BRDA:1301,175,1,0
BRDA:1354,176,0,0
BRDA:1354,176,1,0
BRDA:1357,177,0,0
BRDA:1357,177,1,0
BRDA:1358,178,0,0
BRDA:1358,178,1,0
BRDA:1359,179,0,0
BRDA:1359,179,1,0
BRDA:1360,180,0,0
BRDA:1360,180,1,0
BRDA:1361,181,0,0
BRDA:1361,181,1,0
BRDA:1361,182,0,0
BRDA:1361,182,1,0
BRDA:1364,183,0,0
BRDA:1364,183,1,0
BRDA:1367,184,0,0
BRDA:1367,184,1,0
BRDA:1367,185,0,0
BRDA:1367,185,1,0
BRDA:1371,186,0,0
BRDA:1371,186,1,0
BRDA:1376,187,0,0
BRDA:1376,187,1,0
BRDA:1378,188,0,0
BRDA:1378,188,1,0
BRDA:1395,189,0,0
BRDA:1395,189,1,0
BRDA:1408,190,0,0
BRDA:1408,190,1,0
BRDA:1433,191,0,0
BRDA:1433,191,1,0
BRDA:1436,192,0,0
BRDA:1436,192,1,0
BRDA:1448,193,0,0
BRDA:1448,193,1,0
BRDA:1454,194,0,0
BRDA:1454,194,1,0
BRDA:1467,195,0,0
BRDA:1467,195,1,0
BRDA:1468,196,0,0
BRDA:1468,196,1,0
BRDA:1478,197,0,0
BRDA:1478,197,1,0
BRDA:1478,198,0,0
BRDA:1478,198,1,0
BRDA:1489,199,0,0
BRDA:1489,199,1,0
BRDA:1496,200,0,0
BRDA:1496,200,1,0
BRDA:1500,201,0,0
BRDA:1500,201,1,0
BRDA:1500,202,0,0
BRDA:1500,202,1,0
BRDA:1518,203,0,0
BRDA:1518,203,1,0
BRDA:1521,204,0,0
BRDA:1521,204,1,0
BRDA:1521,205,0,0
BRDA:1521,205,1,0
BRDA:1524,206,0,0
BRDA:1524,206,1,0
BRDA:1537,207,0,0
BRDA:1537,207,1,0
BRDA:1537,207,2,0
BRDA:1537,207,3,0
BRDA:1539,208,0,0
BRDA:1539,208,1,0
BRDA:1541,209,0,0
BRDA:1541,209,1,0
BRDA:1547,210,0,0
BRDA:1547,210,1,0
BRDA:1549,211,0,0
BRDA:1549,211,1,0
BRDA:1555,212,0,0
BRDA:1555,212,1,0
BRDA:1555,213,0,0
BRDA:1555,213,1,0
BRDA:1555,213,2,0
BRDA:1558,214,0,0
BRDA:1558,214,1,0
BRDA:1559,215,0,0
BRDA:1559,215,1,0
BRDA:1561,216,0,0
BRDA:1561,216,1,0
BRDA:1562,217,0,0
BRDA:1562,217,1,0
BRDA:1573,218,0,0
BRDA:1573,218,1,0
BRDA:1578,219,0,0
BRDA:1578,219,1,0
BRDA:1583,220,0,0
BRDA:1583,220,1,0
BRDA:1592,221,0,0
BRDA:1592,221,1,0
BRDA:1664,222,0,0
BRDA:1664,222,1,0
BRDA:1673,223,0,0
BRDA:1673,223,1,0
BRDA:1675,224,0,0
BRDA:1675,224,1,0
BRDA:1681,225,0,0
BRDA:1681,225,1,0
BRDA:1685,226,0,0
BRDA:1685,226,1,0
BRDA:1695,227,0,0
BRDA:1695,227,1,0
BRDA:1705,228,0,0
BRDA:1705,228,1,0
BRDA:1711,229,0,0
BRDA:1711,229,1,0
BRDA:1712,230,0,0
BRDA:1712,230,1,0
BRDA:1716,231,0,0
BRDA:1716,231,1,0
BRDA:1717,232,0,0
BRDA:1717,232,1,0
BRDA:1720,233,0,0
BRDA:1720,233,1,0
BRDA:1720,234,0,0
BRDA:1720,234,1,0
BRDA:1720,234,2,0
BRDA:1726,235,0,0
BRDA:1726,235,1,0
BRDA:1729,236,0,0
BRDA:1729,236,1,0
BRDA:1729,237,0,0
BRDA:1729,237,1,0
BRDA:1735,238,0,0
BRDA:1735,238,1,0
BRDA:1756,239,0,0
BRDA:1756,239,1,0
BRDA:1778,240,0,0
BRDA:1778,240,1,0
BRDA:1808,241,0,0
BRDA:1808,241,1,0
BRDA:1808,241,2,0
BRDA:1809,242,0,0
BRDA:1809,242,1,0
BRDA:1809,242,2,0
BRDA:1809,242,3,0
BRDA:1811,243,0,0
BRDA:1811,243,1,0
BRDA:1815,244,0,0
BRDA:1815,244,1,0
BRDA:1818,245,0,0
BRDA:1818,245,1,0
BRDA:1818,245,2,0
BRDA:1819,246,0,0
BRDA:1819,246,1,0
BRDA:1819,247,0,0
BRDA:1819,247,1,0
BRDA:1820,248,0,0
BRDA:1820,248,1,0
BRDA:1820,249,0,0
BRDA:1820,249,1,0
BRDA:1821,250,0,0
BRDA:1821,250,1,0
BRDA:1821,251,0,0
BRDA:1821,251,1,0
BRDA:1821,252,0,0
BRDA:1821,252,1,0
BRDA:1821,253,0,0
BRDA:1821,253,1,0
BRDA:1822,254,0,0
BRDA:1822,254,1,0
BRDA:1822,254,2,0
BRDA:1829,255,0,0
BRDA:1829,255,1,0
BRDA:1829,255,2,0
BRDA:1852,256,0,0
BRDA:1852,256,1,0
BRDA:1852,256,2,0
BRDA:1853,257,0,0
BRDA:1853,257,1,0
BRDA:1853,257,2,0
BRDA:1853,257,3,0
BRDA:1855,258,0,0
BRDA:1855,258,1,0
BRDA:1859,259,0,0
BRDA:1859,259,1,0
BRDA:1862,260,0,0
BRDA:1862,260,1,0
BRDA:1862,260,2,0
BRDA:1863,261,0,0
BRDA:1863,261,1,0
BRDA:1863,262,0,0
BRDA:1863,262,1,0
BRDA:1864,263,0,0
BRDA:1864,263,1,0
BRDA:1864,264,0,0
BRDA:1864,264,1,0
BRDA:1865,265,0,0
BRDA:1865,265,1,0
BRDA:1865,266,0,0
BRDA:1865,266,1,0
BRDA:1865,267,0,0
BRDA:1865,267,1,0
BRDA:1865,268,0,0
BRDA:1865,268,1,0
BRDA:1866,269,0,0
BRDA:1866,269,1,0
BRDA:1866,269,2,0
BRDA:1873,270,0,0
BRDA:1873,270,1,0
BRDA:1873,270,2,0
BRDA:1897,271,0,0
BRDA:1897,271,1,0
BRDA:1897,271,2,0
BRDA:1898,272,0,0
BRDA:1898,272,1,0
BRDA:1898,272,2,0
BRDA:1898,272,3,0
BRDA:1900,273,0,0
BRDA:1900,273,1,0
BRDA:1904,274,0,0
BRDA:1904,274,1,0
BRDA:1907,275,0,0
BRDA:1907,275,1,0
BRDA:1907,275,2,0
BRDA:1908,276,0,0
BRDA:1908,276,1,0
BRDA:1908,277,0,0
BRDA:1908,277,1,0
BRDA:1909,278,0,0
BRDA:1909,278,1,0
BRDA:1909,279,0,0
BRDA:1909,279,1,0
BRDA:1910,280,0,0
BRDA:1910,280,1,0
BRDA:1910,281,0,0
BRDA:1910,281,1,0
BRDA:1910,282,0,0
BRDA:1910,282,1,0
BRDA:1910,283,0,0
BRDA:1910,283,1,0
BRDA:1911,284,0,0
BRDA:1911,284,1,0
BRDA:1911,284,2,0
BRDA:1918,285,0,0
BRDA:1918,285,1,0
BRDA:1918,285,2,0
BRDA:1981,286,0,0
BRDA:1981,286,1,0
BRDA:1981,287,0,0
BRDA:1981,287,1,0
BRDA:1986,288,0,0
BRDA:1986,288,1,0
BRDA:1987,289,0,0
BRDA:1987,289,1,0
BRDA:1991,290,0,0
BRDA:1991,290,1,0
BRDA:1991,291,0,0
BRDA:1991,291,1,0
BRDA:1991,291,2,0
BRDA:1997,292,0,0
BRDA:1997,292,1,0
BRDA:2014,293,0,0
BRDA:2014,293,1,0
BRDA:2014,294,0,0
BRDA:2014,294,1,0
BRDA:2022,295,0,0
BRDA:2022,295,1,0
BRDA:2041,296,0,0
BRDA:2041,296,1,0
BRDA:2041,297,0,0
BRDA:2041,297,1,0
BRDA:2050,298,0,0
BRDA:2050,298,1,0
BRDA:2052,299,0,0
BRDA:2052,299,1,0
BRDA:2052,300,0,0
BRDA:2052,300,1,0
BRDA:2075,301,0,0
BRDA:2075,301,1,0
BRDA:2075,302,0,0
BRDA:2075,302,1,0
BRDA:2083,303,0,0
BRDA:2083,303,1,0
BRDA:2147,304,0,0
BRDA:2147,304,1,0
BRDA:2147,305,0,0
BRDA:2147,305,1,0
BRDA:2168,306,0,0
BRDA:2168,306,1,0
BRDA:2168,307,0,0
BRDA:2168,307,1,0
BRDA:2172,308,0,0
BRDA:2172,308,1,0
BRDA:2173,309,0,0
BRDA:2173,309,1,0
BRDA:2177,310,0,0
BRDA:2177,310,1,0
BRDA:2177,311,0,0
BRDA:2177,311,1,0
BRDA:2177,311,2,0
BRDA:2182,312,0,0
BRDA:2182,312,1,0
BRDA:2199,313,0,0
BRDA:2199,313,1,0
BRDA:2199,314,0,0
BRDA:2199,314,1,0
BRDA:2208,315,0,0
BRDA:2208,315,1,0
BRDA:2213,316,0,0
BRDA:2213,316,1,0
BRDA:2213,317,0,0
BRDA:2213,317,1,0
BRDA:2236,318,0,0
BRDA:2236,318,1,0
BRDA:2236,319,0,0
BRDA:2236,319,1,0
BRDA:2244,320,0,0
BRDA:2244,320,1,0
BRDA:2288,321,0,0
BRDA:2288,321,1,0
BRDA:2297,322,0,0
BRDA:2297,322,1,0
BRDA:2307,323,0,0
BRDA:2307,323,1,0
BRDA:2312,324,0,0
BRDA:2312,324,1,0
BRDA:2312,325,0,0
BRDA:2312,325,1,0
BRDA:2312,325,2,0
BRDA:2332,326,0,0
BRDA:2332,326,1,0
BRDA:2337,327,0,0
BRDA:2337,327,1,0
BRDA:2337,328,0,0
BRDA:2337,328,1,0
BRDA:2337,328,2,0
BRDA:2364,329,0,0
BRDA:2364,329,1,0
BRDA:2364,330,0,0
BRDA:2364,330,1,0
BRDA:2368,331,0,0
BRDA:2368,331,1,0
BRDA:2373,332,0,0
BRDA:2373,332,1,0
BRDA:2379,333,0,0
BRDA:2379,333,1,0
BRDA:2390,334,0,0
BRDA:2390,334,1,0
BRDA:2404,335,0,0
BRDA:2404,335,1,0
BRDA:2410,336,0,0
BRDA:2410,336,1,0
BRDA:2410,337,0,0
BRDA:2410,337,1,0
BRDA:2491,338,0,0
BRDA:2491,338,1,0
BRDA:2492,339,0,0
BRDA:2492,339,1,0
BRDA:2495,340,0,0
BRDA:2495,340,1,0
BRDA:2495,341,0,0
BRDA:2495,341,1,0
BRDA:2503,342,0,0
BRDA:2503,342,1,0
BRDA:2503,343,0,0
BRDA:2503,343,1,0
BRDA:2509,344,0,0
BRDA:2509,344,1,0
BRDA:2509,345,0,0
BRDA:2509,345,1,0
BRDA:2518,346,0,0
BRDA:2518,346,1,0
BRDA:2529,347,0,0
BRDA:2529,347,1,0
BRDA:2531,348,0,0
BRDA:2531,348,1,0
BRDA:2541,349,0,0
BRDA:2541,349,1,0
BRDA:2575,350,0,0
BRDA:2575,350,1,0
BRDA:2575,350,2,0
BRDA:2575,350,3,0
BRDA:2580,351,0,0
BRDA:2580,351,1,0
BRDA:2583,352,0,0
BRDA:2583,352,1,0
BRDA:2591,353,0,0
BRDA:2591,353,1,0
BRDA:2592,354,0,0
BRDA:2592,354,1,0
BRDA:2593,355,0,0
BRDA:2593,355,1,0
BRDA:2597,356,0,0
BRDA:2597,356,1,0
BRDA:2600,357,0,0
BRDA:2600,357,1,0
BRDA:2611,358,0,0
BRDA:2611,358,1,0
BRDA:2616,359,0,0
BRDA:2616,359,1,0
BRDA:2621,360,0,0
BRDA:2621,360,1,0
BRDA:2629,361,0,0
BRDA:2629,361,1,0
BRDA:2632,362,0,0
BRDA:2632,362,1,0
BRDA:2673,363,0,0
BRDA:2673,363,1,0
BRDA:2673,364,0,0
BRDA:2673,364,1,0
BRDA:2674,365,0,0
BRDA:2674,365,1,0
BRDA:2674,366,0,0
BRDA:2674,366,1,0
BRDA:2679,367,0,0
BRDA:2679,367,1,0
BRDA:2681,368,0,0
BRDA:2681,368,1,0
BRDA:2683,369,0,0
BRDA:2683,369,1,0
BRDA:2686,370,0,0
BRDA:2686,370,1,0
BRDA:2689,371,0,0
BRDA:2689,371,1,0
BRDA:2690,372,0,0
BRDA:2690,372,1,0
BRDA:2692,373,0,0
BRDA:2692,373,1,0
BRDA:2695,374,0,0
BRDA:2695,374,1,0
BRDA:2695,374,2,0
BRDA:2696,375,0,0
BRDA:2696,375,1,0
BRDA:2696,376,0,0
BRDA:2696,376,1,0
BRDA:2696,376,2,0
BRDA:2697,377,0,0
BRDA:2697,377,1,0
BRDA:2697,378,0,0
BRDA:2697,378,1,0
BRDA:2697,378,2,0
BRDA:2698,379,0,0
BRDA:2698,379,1,0
BRDA:2698,380,0,0
BRDA:2698,380,1,0
BRDA:2742,381,0,0
BRDA:2742,381,1,0
BRDA:2743,382,0,0
BRDA:2743,382,1,0
BRDA:2745,383,0,0
BRDA:2745,383,1,0
BRDA:2747,384,0,0
BRDA:2747,384,1,0
BRDA:2747,385,0,0
BRDA:2747,385,1,0
BRDA:2747,385,2,0
BRDA:2749,386,0,0
BRDA:2749,386,1,0
BRDA:2755,387,0,0
BRDA:2755,387,1,0
BRDA:2757,388,0,0
BRDA:2757,388,1,0
BRDA:2807,389,0,0
BRDA:2807,389,1,0
BRDA:2809,390,0,0
BRDA:2809,390,1,0
BRDA:2809,391,0,0
BRDA:2809,391,1,0
BRDA:2856,392,0,0
BRDA:2856,392,1,0
BRDA:2858,393,0,0
BRDA:2858,393,1,0
BRDA:2898,394,0,0
BRDA:2898,394,1,0
BRDA:2900,395,0,0
BRDA:2900,395,1,0
BRDA:2940,396,0,0
BRDA:2940,396,1,0
BRDA:2942,397,0,0
BRDA:2942,397,1,0
BRDA:2982,398,0,0
BRDA:2982,398,1,0
BRDA:2984,399,0,0
BRDA:2984,399,1,0
BRDA:3024,400,0,0
BRDA:3024,400,1,0
BRDA:3026,401,0,0
BRDA:3026,401,1,0
BRDA:3065,402,0,0
BRDA:3065,402,1,0
BRDA:3067,403,0,0
BRDA:3067,403,1,0
BRDA:3106,404,0,0
BRDA:3106,404,1,0
BRDA:3108,405,0,0
BRDA:3108,405,1,0
BRDA:3148,406,0,0
BRDA:3148,406,1,0
BRDA:3150,407,0,0
BRDA:3150,407,1,0
BRDA:3153,408,0,0
BRDA:3153,408,1,0
BRDA:3155,409,0,0
BRDA:3155,409,1,0
BRDA:3157,410,0,0
BRDA:3157,410,1,0
BRDA:3161,411,0,0
BRDA:3161,411,1,0
BRDA:3171,412,0,0
BRDA:3171,412,1,0
BRDA:3171,413,0,0
BRDA:3171,413,1,0
BRDA:3172,414,0,0
BRDA:3172,414,1,0
BRDA:3183,415,0,0
BRDA:3183,415,1,0
BRDA:3183,416,0,0
BRDA:3183,416,1,0
BRDA:3184,417,0,0
BRDA:3184,417,1,0
BRDA:3193,418,0,0
BRDA:3193,418,1,0
BRDA:3194,419,0,0
BRDA:3194,419,1,0
BRDA:3200,420,0,0
BRDA:3200,420,1,0
BRDA:3201,421,0,0
BRDA:3201,421,1,0
BRDA:3212,422,0,0
BRDA:3212,422,1,0
BRDA:3215,423,0,0
BRDA:3215,423,1,0
BRDA:3223,424,0,0
BRDA:3223,424,1,0
BRDA:3231,425,0,0
BRDA:3231,425,1,0
BRDA:3234,426,0,0
BRDA:3234,426,1,0
BRDA:3242,427,0,0
BRDA:3242,427,1,0
BRDA:3257,428,0,0
BRDA:3257,428,1,0
BRDA:3260,429,0,0
BRDA:3260,429,1,0
BRDA:3262,430,0,0
BRDA:3262,430,1,0
BRDA:3269,431,0,0
BRDA:3269,431,1,0
BRDA:3277,432,0,0
BRDA:3277,432,1,0
BRDA:3289,433,0,0
BRDA:3289,433,1,0
BRDA:3296,434,0,0
BRDA:3296,434,1,0
BRDA:3318,435,0,0
BRDA:3318,435,1,0
BRDA:3320,436,0,0
BRDA:3320,436,1,0
BRDA:3320,436,2,0
BRDA:3320,436,3,0
BRDA:3320,436,4,0
BRDA:3320,436,5,0
BRDA:3320,436,6,0
BRDA:3326,437,0,0
BRDA:3326,437,1,0
BRDA:3348,438,0,0
BRDA:3348,438,1,0
BRDA:3355,439,0,0
BRDA:3355,439,1,0
BRDA:3355,439,2,0
BRDA:3355,439,3,0
BRDA:3355,439,4,0
BRDA:3355,439,5,0
BRDA:3363,440,0,0
BRDA:3363,440,1,0
BRDA:3363,441,0,0
BRDA:3363,441,1,0
BRDA:3365,442,0,0
BRDA:3365,442,1,0
BRDA:3367,443,0,0
BRDA:3367,443,1,0
BRDA:3371,444,0,0
BRDA:3371,444,1,0
BRDA:3376,445,0,0
BRDA:3376,445,1,0
BRDA:3378,446,0,0
BRDA:3378,446,1,0
BRDA:3380,447,0,0
BRDA:3380,447,1,0
BRDA:3384,448,0,0
BRDA:3384,448,1,0
BRDA:3386,449,0,0
BRDA:3386,449,1,0
BRDA:3392,450,0,0
BRDA:3392,450,1,0
BRDA:3394,451,0,0
BRDA:3394,451,1,0
BRDA:3398,452,0,0
BRDA:3398,452,1,0
BRDA:3400,453,0,0
BRDA:3400,453,1,0
BRDA:3420,454,0,0
BRDA:3420,454,1,0
BRDA:3429,455,0,0
BRDA:3429,455,1,0
BRDA:3431,456,0,0
BRDA:3431,456,1,0
BRDA:3450,457,0,0
BRDA:3450,457,1,0
BRDA:3450,457,2,0
BRDA:3462,458,0,0
BRDA:3462,458,1,0
BRDA:3462,459,0,0
BRDA:3462,459,1,0
BRDA:3464,460,0,0
BRDA:3464,460,1,0
BRDA:3472,461,0,0
BRDA:3472,461,1,0
BRDA:3475,462,0,0
BRDA:3475,462,1,0
BRDA:3488,463,0,0
BRDA:3488,463,1,0
BRDA:3494,464,0,0
BRDA:3494,464,1,0
BRDA:3503,465,0,0
BRDA:3503,465,1,0
BRDA:3503,466,0,0
BRDA:3503,466,1,0
BRDA:3512,467,0,0
BRDA:3512,467,1,0
BRDA:3516,468,0,0
BRDA:3516,468,1,0
BRDA:3517,469,0,0
BRDA:3517,469,1,0
BRDA:3517,470,0,0
BRDA:3517,470,1,0
BRDA:3521,471,0,0
BRDA:3521,471,1,0
BRDA:3524,472,0,0
BRDA:3524,472,1,0
BRDA:3544,473,0,0
BRDA:3544,473,1,0
BRDA:3544,474,0,0
BRDA:3544,474,1,0
BRDA:3546,475,0,0
BRDA:3546,475,1,0
BRDA:3559,476,0,0
BRDA:3559,476,1,0
BRDA:3567,477,0,0
BRDA:3567,477,1,0
BRDA:3591,478,0,0
BRDA:3591,478,1,0
BRDA:3600,479,0,0
BRDA:3600,479,1,0
BRDA:3608,480,0,0
BRDA:3608,480,1,0
BRDA:3628,481,0,0
BRDA:3628,481,1,0
BRDA:3631,482,0,0
BRDA:3631,482,1,0
BRDA:3631,483,0,0
BRDA:3631,483,1,0
BRDA:3684,484,0,0
BRDA:3684,484,1,0
BRDA:3688,485,0,0
BRDA:3688,485,1,0
BRDA:3697,486,0,0
BRDA:3697,486,1,0
BRDA:3714,487,0,0
BRDA:3714,487,1,0
BRDA:3715,488,0,0
BRDA:3715,488,1,0
BRDA:3727,489,0,0
BRDA:3727,489,1,0
BRDA:3728,490,0,0
BRDA:3728,490,1,0
BRDA:3730,491,0,0
BRDA:3730,491,1,0
BRDA:3744,492,0,0
BRDA:3744,492,1,0
BRDA:3744,493,0,0
BRDA:3744,493,1,0
BRDA:3744,493,2,0
BRDA:3746,494,0,0
BRDA:3746,494,1,0
BRDA:3761,495,0,0
BRDA:3761,495,1,0
BRDA:3762,496,0,0
BRDA:3762,496,1,0
BRDA:3764,497,0,0
BRDA:3764,497,1,0
BRDA:3773,498,0,0
BRDA:3773,498,1,0
BRDA:3774,499,0,0
BRDA:3774,499,1,0
BRDA:3776,500,0,0
BRDA:3776,500,1,0
BRDA:3789,501,0,0
BRDA:3789,501,1,0
BRDA:3805,502,0,0
BRDA:3805,502,1,0
BRDA:3813,503,0,0
BRDA:3813,503,1,0
BRDA:3820,504,0,0
BRDA:3820,504,1,0
BRDA:3820,505,0,0
BRDA:3820,505,1,0
BRDA:3821,506,0,0
BRDA:3821,506,1,0
BRDA:3824,507,0,0
BRDA:3824,507,1,0
BRDA:3827,508,0,0
BRDA:3827,508,1,0
BRDA:3830,509,0,0
BRDA:3830,509,1,0
BRDA:3843,510,0,0
BRDA:3843,510,1,0
BRDA:3849,511,0,0
BRDA:3849,511,1,0
BRDA:3862,512,0,0
BRDA:3862,512,1,0
BRDA:3890,513,0,0
BRDA:3890,513,1,0
BRDA:3901,514,0,0
BRDA:3901,514,1,0
BRDA:3902,515,0,0
BRDA:3902,515,1,0
BRDA:3904,516,0,0
BRDA:3904,516,1,0
BRDA:3910,517,0,0
BRDA:3910,517,1,0
BRDA:3920,518,0,0
BRDA:3920,518,1,0
BRDA:3942,519,0,0
BRDA:3942,519,1,0
BRDA:3944,520,0,0
BRDA:3944,520,1,0
BRDA:3947,521,0,0
BRDA:3947,521,1,0
BRDA:3947,522,0,0
BRDA:3947,522,1,0
BRDA:3947,522,2,0
BRDA:3947,522,3,0
BRDA:3947,522,4,0
BRDA:3947,522,5,0
BRDA:3957,523,0,0
BRDA:3957,523,1,0
BRDA:3971,524,0,0
BRDA:3971,524,1,0
BRDA:3972,525,0,0
BRDA:3972,525,1,0
BRDA:3972,526,0,0
BRDA:3972,526,1,0
BRDA:3972,526,2,0
BRDA:3991,527,0,0
BRDA:3991,527,1,0
BRDA:3993,528,0,0
BRDA:3993,528,1,0
BRDA:3998,529,0,0
BRDA:3998,529,1,0
BRDA:3999,530,0,0
BRDA:3999,530,1,0
BRDA:4011,531,0,0
BRDA:4011,531,1,0
BRDA:4015,532,0,0
BRDA:4015,532,1,0
BRDA:4029,533,0,0
BRDA:4029,533,1,0
BRDA:4040,534,0,0
BRDA:4040,534,1,0
BRDA:4053,535,0,0
BRDA:4053,535,1,0
BRDA:4056,536,0,0
BRDA:4056,536,1,0
BRDA:4058,537,0,0
BRDA:4058,537,1,0
BRDA:4060,538,0,0
BRDA:4060,538,1,0
BRDA:4063,539,0,0
BRDA:4063,539,1,0
BRDA:4085,540,0,0
BRDA:4085,540,1,0
BRDA:4085,541,0,0
BRDA:4085,541,1,0
BRDA:4085,541,2,0
BRDA:4091,542,0,0
BRDA:4091,542,1,0
BRDA:4098,543,0,0
BRDA:4098,543,1,0
BRDA:4107,544,0,0
BRDA:4107,544,1,0
BRDA:4109,545,0,0
BRDA:4109,545,1,0
BRDA:4115,546,0,0
BRDA:4115,546,1,0
BRDA:4126,547,0,0
BRDA:4126,547,1,0
BRDA:4130,548,0,0
BRDA:4130,548,1,0
BRDA:4131,549,0,0
BRDA:4131,549,1,0
BRDA:4131,550,0,0
BRDA:4131,550,1,0
BRDA:4155,551,0,0
BRDA:4155,551,1,0
BRDA:4156,552,0,0
BRDA:4156,552,1,0
BRDA:4156,552,2,0
BRDA:4159,553,0,0
BRDA:4159,553,1,0
BRDA:4162,554,0,0
BRDA:4162,554,1,0
BRDA:4167,555,0,0
BRDA:4167,555,1,0
BRDA:4168,556,0,0
BRDA:4168,556,1,0
BRDA:4170,557,0,0
BRDA:4170,557,1,0
BRDA:4170,558,0,0
BRDA:4170,558,1,0
BRDA:4171,559,0,0
BRDA:4171,559,1,0
BRDA:4177,560,0,0
BRDA:4177,560,1,0
BRDA:4185,561,0,0
BRDA:4185,561,1,0
BRDA:4192,562,0,0
BRDA:4192,562,1,0
BRDA:4204,563,0,0
BRDA:4204,563,1,0
BRDA:4226,564,0,0
BRDA:4226,564,1,0
BRDA:4226,565,0,0
BRDA:4226,565,1,0
BRDA:4226,566,0,0
BRDA:4226,566,1,0
BRDA:4227,567,0,0
BRDA:4227,567,1,0
BRDA:4230,568,0,0
BRDA:4230,568,1,0
BRDA:4233,569,0,0
BRDA:4233,569,1,0
BRDA:4235,570,0,0
BRDA:4235,570,1,0
BRDA:4260,571,0,0
BRDA:4260,571,1,0
BRDA:4260,572,0,0
BRDA:4260,572,1,0
BRDA:4260,573,0,0
BRDA:4260,573,1,0
BRDA:4261,574,0,0
BRDA:4261,574,1,0
BRDA:4264,575,0,0
BRDA:4264,575,1,0
BRDA:4267,576,0,0
BRDA:4267,576,1,0
BRDA:4269,577,0,0
BRDA:4269,577,1,0
BRDA:4294,578,0,0
BRDA:4294,578,1,0
BRDA:4294,579,0,0
BRDA:4294,579,1,0
BRDA:4294,580,0,0
BRDA:4294,580,1,0
BRDA:4295,581,0,0
BRDA:4295,581,1,0
BRDA:4298,582,0,0
BRDA:4298,582,1,0
BRDA:4301,583,0,0
BRDA:4301,583,1,0
BRDA:4303,584,0,0
BRDA:4303,584,1,0
BRDA:4328,585,0,0
BRDA:4328,585,1,0
BRDA:4328,586,0,0
BRDA:4328,586,1,0
BRDA:4328,587,0,0
BRDA:4328,587,1,0
BRDA:4329,588,0,0
BRDA:4329,588,1,0
BRDA:4332,589,0,0
BRDA:4332,589,1,0
BRDA:4335,590,0,0
BRDA:4335,590,1,0
BRDA:4337,591,0,0
BRDA:4337,591,1,0
BRDA:4366,592,0,0
BRDA:4366,592,1,0
BRDA:4366,593,0,0
BRDA:4366,593,1,0
BRDA:4366,594,0,0
BRDA:4366,594,1,0
BRDA:4367,595,0,0
BRDA:4367,595,1,0
BRDA:4370,596,0,0
BRDA:4370,596,1,0
BRDA:4373,597,0,0
BRDA:4373,597,1,0
BRDA:4375,598,0,0
BRDA:4375,598,1,0
BRDA:4389,599,0,0
BRDA:4389,599,1,0
BRDA:4419,600,0,0
BRDA:4419,600,1,0
BRDA:4445,601,0,0
BRDA:4445,601,1,0
BRDA:4447,602,0,0
BRDA:4447,602,1,0
BRDA:4456,603,0,0
BRDA:4456,603,1,0
BRDA:4464,604,0,0
BRDA:4464,604,1,0
BRDA:4466,605,0,0
BRDA:4466,605,1,0
BRDA:4475,606,0,0
BRDA:4475,606,1,0
BRDA:4490,607,0,0
BRDA:4490,607,1,0
BRDA:4492,608,0,0
BRDA:4492,608,1,0
BRDA:4501,609,0,0
BRDA:4501,609,1,0
BRDA:4505,610,0,0
BRDA:4505,610,1,0
BRDA:4507,611,0,0
BRDA:4507,611,1,0
BRDA:4516,612,0,0
BRDA:4516,612,1,0
BRDA:4517,613,0,0
BRDA:4517,613,1,0
BRDA:4522,614,0,0
BRDA:4522,614,1,0
BRDA:4526,615,0,0
BRDA:4526,615,1,0
BRDA:4528,616,0,0
BRDA:4528,616,1,0
BRDA:4541,617,0,0
BRDA:4541,617,1,0
BRDA:4542,618,0,0
BRDA:4542,618,1,0
BRDA:4546,619,0,0
BRDA:4546,619,1,0
BRDA:4548,620,0,0
BRDA:4548,620,1,0
BRDA:4551,621,0,0
BRDA:4551,621,1,0
BRDA:4571,622,0,0
BRDA:4571,622,1,0
BRDA:4571,623,0,0
BRDA:4571,623,1,0
BRDA:4572,624,0,0
BRDA:4572,624,1,0
BRDA:4602,625,0,0
BRDA:4602,625,1,0
BRDA:4602,625,2,0
BRDA:4610,626,0,0
BRDA:4610,626,1,0
BRDA:4626,627,0,0
BRDA:4626,627,1,0
BRDA:4634,628,0,0
BRDA:4634,628,1,0
BRDA:4648,629,0,0
BRDA:4648,629,1,0
BRDA:4656,630,0,0
BRDA:4656,630,1,0
BRDA:4680,631,0,0
BRDA:4680,631,1,0
BRDA:4681,632,0,0
BRDA:4681,632,1,0
BRDA:4695,633,0,0
BRDA:4695,633,1,0
BRDA:4698,634,0,0
BRDA:4698,634,1,0
BRDA:4713,635,0,0
BRDA:4713,635,1,0
BRDA:4714,636,0,0
BRDA:4714,636,1,0
BRDA:4714,637,0,0
BRDA:4714,637,1,0
BRDA:4714,637,2,0
BRDA:4736,638,0,0
BRDA:4736,638,1,0
BRDA:4738,639,0,0
BRDA:4738,639,1,0
BRDA:4743,640,0,0
BRDA:4743,640,1,0
BRDA:4744,641,0,0
BRDA:4744,641,1,0
BRDA:4757,642,0,0
BRDA:4757,642,1,0
BRDA:4761,643,0,0
BRDA:4761,643,1,0
BRDA:4769,644,0,0
BRDA:4769,644,1,0
BRDA:4803,645,0,0
BRDA:4803,645,1,0
BRDA:4871,646,0,0
BRDA:4871,646,1,0
BRDA:4878,647,0,0
BRDA:4878,647,1,0
BRDA:4878,648,0,0
BRDA:4878,648,1,0
BRDA:4889,649,0,0
BRDA:4889,649,1,0
BRDA:4910,650,0,0
BRDA:4910,650,1,0
BRDA:4921,651,0,0
BRDA:4921,651,1,0
BRDA:4927,652,0,0
BRDA:4927,652,1,0
BRDA:4927,653,0,0
BRDA:4927,653,1,0
BRDA:4928,654,0,0
BRDA:4928,654,1,0
BRDA:4934,655,0,0
BRDA:4934,655,1,0
BRDA:4936,656,0,0
BRDA:4936,656,1,0
BRDA:4937,657,0,0
BRDA:4937,657,1,0
BRDA:4946,658,0,0
BRDA:4946,658,1,0
BRDA:4948,659,0,0
BRDA:4948,659,1,0
BRDA:4955,660,0,0
BRDA:4955,660,1,0
BRDA:4955,661,0,0
BRDA:4955,661,1,0
BRDA:4967,662,0,0
BRDA:4967,662,1,0
BRDA:4967,663,0,0
BRDA:4967,663,1,0
BRDA:4977,664,0,0
BRDA:4977,664,1,0
BRDA:4980,665,0,0
BRDA:4980,665,1,0
BRDA:4981,666,0,0
BRDA:4981,666,1,0
BRDA:4997,667,0,0
BRDA:4997,667,1,0
BRDA:4998,668,0,0
BRDA:4998,668,1,0
BRDA:4998,669,0,0
BRDA:4998,669,1,0
BRDA:5007,670,0,0
BRDA:5007,670,1,0
BRDA:5014,671,0,0
BRDA:5014,671,1,0
BRDA:5015,672,0,0
BRDA:5015,672,1,0
BRDA:5017,673,0,0
BRDA:5017,673,1,0
BRDA:5022,674,0,0
BRDA:5022,674,1,0
BRDA:5023,675,0,0
BRDA:5023,675,1,0
BRDA:5028,676,0,0
BRDA:5028,676,1,0
BRDA:5029,677,0,0
BRDA:5029,677,1,0
BRDA:5041,678,0,0
BRDA:5041,678,1,0
BRDA:5045,679,0,0
BRDA:5045,679,1,0
BRF:1423
BRH:0
end_of_record
TN:
SF:/Users/wenwenxu/Desktop/SEM2018_Group5/TUTORized/wwwroot/dist/vendor.js
FN:2,(anonymous_0)
FN:7,__webpack_require__
FN:38,(anonymous_2)
FN:41,(anonymous_3)
FN:52,(anonymous_4)
FN:54,getDefault
FN:55,getModuleExports
FN:61,(anonymous_7)
FN:72,(anonymous_8)
FN:87,(anonymous_9)
FN:102,(anonymous_10)
FN:113,(anonymous_11)
FN:149,DOMEval
FN:167,(anonymous_13)
FN:183,(anonymous_14)
FN:197,(anonymous_15)
FN:203,(anonymous_16)
FN:216,(anonymous_17)
FN:229,(anonymous_18)
FN:233,(anonymous_19)
FN:234,(anonymous_20)
FN:239,(anonymous_21)
FN:243,(anonymous_22)
FN:247,(anonymous_23)
FN:251,(anonymous_24)
FN:257,(anonymous_25)
FN:268,(anonymous_26)
FN:345,(anonymous_27)
FN:349,(anonymous_28)
FN:351,(anonymous_29)
FN:355,(anonymous_30)
FN:359,(anonymous_31)
FN:373,(anonymous_32)
FN:394,(anonymous_33)
FN:406,(anonymous_34)
FN:418,(anonymous_35)
FN:425,(anonymous_36)
FN:429,(anonymous_37)
FN:451,(anonymous_38)
FN:458,(anonymous_39)
FN:475,(anonymous_40)
FN:481,(anonymous_41)
FN:495,(anonymous_42)
FN:515,(anonymous_43)
FN:551,(anonymous_44)
FN:568,(anonymous_45)
FN:591,(anonymous_46)
FN:595,isArrayLike
FN:622,(anonymous_48)
FN:654,(anonymous_49)
FN:670,(anonymous_50)
FN:750,(anonymous_51)
FN:767,(anonymous_52)
FN:787,(anonymous_53)
FN:792,(anonymous_54)
FN:811,(anonymous_55)
FN:817,(anonymous_56)
FN:827,Sizzle
FN:966,createCache
FN:969,cache
FN:984,markFunction
FN:993,assert
FN:1015,addHandle
FN:1030,siblingCheck
FN:1056,createInputPseudo
FN:1057,(anonymous_65)
FN:1067,createButtonPseudo
FN:1068,(anonymous_67)
FN:1078,createDisabledPseudo
FN:1081,(anonymous_69)
FN:1134,createPositionalPseudo
FN:1135,(anonymous_71)
FN:1137,(anonymous_72)
FN:1157,testContext
FN:1169,(anonymous_74)
FN:1181,(anonymous_75)
FN:1216,(anonymous_76)
FN:1225,(anonymous_77)
FN:1237,(anonymous_78)
FN:1244,(anonymous_79)
FN:1246,(anonymous_80)
FN:1250,(anonymous_81)
FN:1257,(anonymous_82)
FN:1259,(anonymous_83)
FN:1268,(anonymous_84)
FN:1299,(anonymous_85)
FN:1309,(anonymous_86)
FN:1330,(anonymous_87)
FN:1354,(anonymous_88)
FN:1398,(anonymous_89)
FN:1439,(anonymous_90)
FN:1462,(anonymous_91)
FN:1471,(anonymous_92)
FN:1487,(anonymous_93)
FN:1528,(anonymous_94)
FN:1585,(anonymous_95)
FN:1589,(anonymous_96)
FN:1619,(anonymous_97)
FN:1627,(anonymous_98)
FN:1648,(anonymous_99)
FN:1652,(anonymous_100)
FN:1660,(anonymous_101)
FN:1693,(anonymous_102)
FN:1745,(anonymous_103)
FN:1758,(anonymous_104)
FN:1790,(anonymous_105)
FN:1821,(anonymous_106)
FN:1824,(anonymous_107)
FN:1825,(anonymous_108)
FN:1830,(anonymous_109)
FN:1835,(anonymous_110)
FN:1840,(anonymous_111)
FN:1841,(anonymous_112)
FN:1864,(anonymous_113)
FN:1872,(anonymous_114)
FN:1876,(anonymous_115)
FN:1993,(anonymous_116)
FN:2013,(anonymous_117)
FN:2022,(anonymous_118)
FN:2033,(anonymous_119)
FN:2042,(anonymous_120)
FN:2054,(anonymous_121)
FN:2063,(anonymous_122)
FN:2064,(anonymous_123)
FN:2069,(anonymous_124)
FN:2071,(anonymous_125)
FN:2083,(anonymous_126)
FN:2089,(anonymous_127)
FN:2105,(anonymous_128)
FN:2110,(anonymous_129)
FN:2114,(anonymous_130)
FN:2122,(anonymous_131)
FN:2129,(anonymous_132)
FN:2140,(anonymous_133)
FN:2153,(anonymous_134)
FN:2158,(anonymous_135)
FN:2162,(anonymous_136)
FN:2166,(anonymous_137)
FN:2171,(anonymous_138)
FN:2182,(anonymous_139)
FN:2186,(anonymous_140)
FN:2190,(anonymous_141)
FN:2194,(anonymous_142)
FN:2202,(anonymous_143)
FN:2210,(anonymous_144)
FN:2218,(anonymous_145)
FN:2239,setFilters
FN:2243,(anonymous_147)
FN:2310,toSelector
FN:2320,addCombinator
FN:2329,(anonymous_150)
FN:2339,(anonymous_151)
FN:2384,elementMatcher
FN:2386,(anonymous_153)
FN:2398,multipleContexts
FN:2407,condense
FN:2428,setMatcher
FN:2435,(anonymous_157)
FN:2521,matcherFromTokens
FN:2529,(anonymous_159)
FN:2532,(anonymous_160)
FN:2535,(anonymous_161)
FN:2579,matcherFromGroupMatchers
FN:2582,(anonymous_163)
FN:2690,(anonymous_164)
FN:2729,(anonymous_165)
FN:2813,(anonymous_166)
FN:2821,(anonymous_167)
FN:2825,(anonymous_168)
FN:2834,(anonymous_169)
FN:2839,(anonymous_170)
FN:2848,(anonymous_171)
FN:2851,(anonymous_172)
FN:2882,(anonymous_173)
FN:2898,(anonymous_174)
FN:2915,nodeName
FN:2927,winnow
FN:2929,(anonymous_177)
FN:2936,(anonymous_178)
FN:2943,(anonymous_179)
FN:2955,(anonymous_180)
FN:2960,(anonymous_181)
FN:2971,(anonymous_182)
FN:2977,(anonymous_183)
FN:2983,(anonymous_184)
FN:3000,(anonymous_185)
FN:3003,(anonymous_186)
FN:3006,(anonymous_187)
FN:3033,(anonymous_188)
FN:3150,(anonymous_189)
FN:3154,(anonymous_190)
FN:3164,(anonymous_191)
FN:3195,(anonymous_192)
FN:3215,(anonymous_193)
FN:3223,(anonymous_194)
FN:3230,sibling
FN:3236,(anonymous_196)
FN:3240,(anonymous_197)
FN:3243,(anonymous_198)
FN:3246,(anonymous_199)
FN:3249,(anonymous_200)
FN:3252,(anonymous_201)
FN:3255,(anonymous_202)
FN:3258,(anonymous_203)
FN:3261,(anonymous_204)
FN:3264,(anonymous_205)
FN:3267,(anonymous_206)
FN:3270,(anonymous_207)
FN:3284,(anonymous_208)
FN:3285,(anonymous_209)
FN:3317,createOptions
FN:3319,(anonymous_211)
FN:3347,(anonymous_212)
FN:3377,(anonymous_213)
FN:3425,(anonymous_214)
FN:3434,add
FN:3435,(anonymous_216)
FN:3456,(anonymous_217)
FN:3457,(anonymous_218)
FN:3473,(anonymous_219)
FN:3480,(anonymous_220)
FN:3490,(anonymous_221)
FN:3495,(anonymous_222)
FN:3502,(anonymous_223)
FN:3509,(anonymous_224)
FN:3514,(anonymous_225)
FN:3527,(anonymous_226)
FN:3533,(anonymous_227)
FN:3542,Identity
FN:3545,Thrower
FN:3549,adoptValue
FN:3584,(anonymous_231)
FN:3598,(anonymous_232)
FN:3601,(anonymous_233)
FN:3605,(anonymous_234)
FN:3610,(anonymous_235)
FN:3613,(anonymous_236)
FN:3614,(anonymous_237)
FN:3622,(anonymous_238)
FN:3640,(anonymous_239)
FN:3642,resolve
FN:3643,(anonymous_241)
FN:3646,(anonymous_242)
FN:3722,(anonymous_243)
FN:3767,(anonymous_244)
FN:3807,(anonymous_245)
FN:3814,(anonymous_246)
FN:3826,(anonymous_247)
FN:3850,(anonymous_248)
FN:3874,(anonymous_249)
FN:3891,(anonymous_250)
FN:3892,(anonymous_251)
FN:3928,(anonymous_252)
FN:3940,(anonymous_253)
FN:3941,(anonymous_254)
FN:3952,(anonymous_255)
FN:3960,(anonymous_256)
FN:3977,(anonymous_257)
FN:4000,completed
FN:4030,(anonymous_259)
FN:4060,(anonymous_260)
FN:4088,(anonymous_261)
FN:4102,Data
FN:4110,(anonymous_263)
FN:4143,(anonymous_264)
FN:4162,(anonymous_265)
FN:4169,(anonymous_266)
FN:4200,(anonymous_267)
FN:4247,(anonymous_268)
FN:4271,getData
FN:4296,dataAttr
FN:4320,(anonymous_271)
FN:4324,(anonymous_272)
FN:4328,(anonymous_273)
FN:4334,(anonymous_274)
FN:4338,(anonymous_275)
FN:4344,(anonymous_276)
FN:4377,(anonymous_277)
FN:4382,(anonymous_278)
FN:4411,(anonymous_279)
FN:4419,(anonymous_280)
FN:4420,(anonymous_281)
FN:4428,(anonymous_282)
FN:4447,(anonymous_283)
FN:4454,(anonymous_284)
FN:4483,(anonymous_285)
FN:4486,(anonymous_286)
FN:4494,(anonymous_287)
FN:4509,(anonymous_288)
FN:4520,(anonymous_289)
FN:4521,(anonymous_290)
FN:4525,(anonymous_291)
FN:4531,(anonymous_292)
FN:4537,(anonymous_293)
FN:4567,(anonymous_294)
FN:4586,(anonymous_295)
FN:4609,adjustCSS
FN:4614,(anonymous_297)
FN:4617,(anonymous_298)
FN:4674,getDefaultDisplay
FN:4697,showHide
FN:4746,(anonymous_301)
FN:4749,(anonymous_302)
FN:4752,(anonymous_303)
FN:4757,(anonymous_304)
FN:4798,getAll
FN:4823,setGlobalEval
FN:4839,buildFragment
FN:4929,(anonymous_308)
FN:4962,returnTrue
FN:4966,returnFalse
FN:4972,safeActiveElement
FN:4978,on
FN:5024,(anonymous_313)
FN:5034,(anonymous_314)
FN:5047,(anonymous_315)
FN:5082,(anonymous_316)
FN:5162,(anonymous_317)
FN:5235,(anonymous_318)
FN:5299,(anonymous_319)
FN:5357,(anonymous_320)
FN:5363,(anonymous_321)
FN:5368,(anonymous_322)
FN:5374,(anonymous_323)
FN:5385,(anonymous_324)
FN:5400,(anonymous_325)
FN:5409,(anonymous_326)
FN:5420,(anonymous_327)
FN:5428,(anonymous_328)
FN:5434,(anonymous_329)
FN:5446,(anonymous_330)
FN:5454,(anonymous_331)
FN:5512,(anonymous_332)
FN:5521,(anonymous_333)
FN:5530,(anonymous_334)
FN:5575,(anonymous_335)
FN:5617,(anonymous_336)
FN:5622,(anonymous_337)
FN:5642,(anonymous_338)
FN:5645,(anonymous_339)
FN:5648,(anonymous_340)
FN:5680,(anonymous_341)
FN:5707,manipulationTarget
FN:5718,disableScript
FN:5722,restoreScript
FN:5734,cloneCopyEvent
FN:5769,fixInput
FN:5782,domManip
FN:5798,(anonymous_348)
FN:5872,remove
FN:5894,(anonymous_350)
FN:5898,(anonymous_351)
FN:5940,(anonymous_352)
FN:5976,(anonymous_353)
FN:5980,(anonymous_354)
FN:5984,(anonymous_355)
FN:5985,(anonymous_356)
FN:5988,(anonymous_357)
FN:5996,(anonymous_358)
FN:5997,(anonymous_359)
FN:6005,(anonymous_360)
FN:6006,(anonymous_361)
FN:6014,(anonymous_362)
FN:6015,(anonymous_363)
FN:6022,(anonymous_364)
FN:6023,(anonymous_365)
FN:6030,(anonymous_366)
FN:6048,(anonymous_367)
FN:6052,(anonymous_368)
FN:6057,(anonymous_369)
FN:6058,(anonymous_370)
FN:6096,(anonymous_371)
FN:6100,(anonymous_372)
FN:6121,(anonymous_373)
FN:6122,(anonymous_374)
FN:6145,(anonymous_375)
FN:6161,(anonymous_376)
FN:6165,computeStyleTests
FN:6219,(anonymous_378)
FN:6223,(anonymous_379)
FN:6227,(anonymous_380)
FN:6231,(anonymous_381)
FN:6239,curCSS
FN:6292,addGetHookIf
FN:6296,(anonymous_384)
FN:6329,vendorPropName
FN:6350,finalPropName
FN:6358,setPositiveNumber
FN:6370,augmentWidthOrHeight
FN:6416,getWidthOrHeight
FN:6461,(anonymous_390)
FN:6496,(anonymous_391)
FN:6571,(anonymous_392)
FN:6611,(anonymous_393)
FN:6613,(anonymous_394)
FN:6627,(anonymous_395)
FN:6634,(anonymous_396)
FN:6659,(anonymous_397)
FN:6663,(anonymous_398)
FN:6676,(anonymous_399)
FN:6678,(anonymous_400)
FN:6700,(anonymous_401)
FN:6701,(anonymous_402)
FN:6725,Tween
FN:6732,(anonymous_404)
FN:6741,(anonymous_405)
FN:6748,(anonymous_406)
FN:6778,(anonymous_407)
FN:6797,(anonymous_408)
FN:6818,(anonymous_409)
FN:6826,(anonymous_410)
FN:6829,(anonymous_411)
FN:6848,schedule
FN:6861,createFxNow
FN:6862,(anonymous_414)
FN:6869,genFx
FN:6889,createTween
FN:6903,defaultPrefilter
FN:6918,(anonymous_418)
FN:6926,(anonymous_419)
FN:6929,(anonymous_420)
FN:6999,(anonymous_421)
FN:7014,(anonymous_422)
FN:7047,(anonymous_423)
FN:7074,propFilter
FN:7111,Animation
FN:7116,(anonymous_426)
FN:7121,(anonymous_427)
FN:7167,(anonymous_428)
FN:7173,(anonymous_429)
FN:7239,(anonymous_430)
FN:7246,(anonymous_431)
FN:7267,(anonymous_432)
FN:7276,(anonymous_433)
FN:7307,(anonymous_434)
FN:7321,(anonymous_435)
FN:7329,(anonymous_436)
FN:7332,(anonymous_437)
FN:7348,(anonymous_438)
FN:7349,(anonymous_439)
FN:7364,(anonymous_440)
FN:7400,(anonymous_441)
FN:7404,(anonymous_442)
FN:7443,(anonymous_443)
FN:7445,(anonymous_444)
FN:7460,(anonymous_445)
FN:7461,(anonymous_446)
FN:7467,(anonymous_447)
FN:7489,(anonymous_448)
FN:7495,(anonymous_449)
FN:7504,(anonymous_450)
FN:7519,(anonymous_451)
FN:7523,(anonymous_452)
FN:7525,(anonymous_453)
FN:7532,(anonymous_454)
FN:7560,(anonymous_455)
FN:7564,(anonymous_456)
FN:7565,(anonymous_457)
FN:7572,(anonymous_458)
FN:7620,(anonymous_459)
FN:7634,(anonymous_460)
FN:7652,(anonymous_461)
FN:7664,(anonymous_462)
FN:7667,(anonymous_463)
FN:7692,(anonymous_464)
FN:7696,(anonymous_465)
FN:7697,(anonymous_466)
FN:7704,(anonymous_467)
FN:7738,(anonymous_468)
FN:7780,(anonymous_469)
FN:7790,(anonymous_470)
FN:7817,(anonymous_471)
FN:7826,stripAndCollapse
FN:7832,getClass
FN:7837,(anonymous_474)
FN:7842,(anonymous_475)
FN:7874,(anonymous_476)
FN:7879,(anonymous_477)
FN:7919,(anonymous_478)
FN:7927,(anonymous_479)
FN:7935,(anonymous_480)
FN:7979,(anonymous_481)
FN:8001,(anonymous_482)
FN:8033,(anonymous_483)
FN:8054,(anonymous_484)
FN:8072,(anonymous_485)
FN:8086,(anonymous_486)
FN:8130,(anonymous_487)
FN:8161,(anonymous_488)
FN:8163,(anonymous_489)
FN:8170,(anonymous_490)
FN:8186,(anonymous_491)
FN:8323,(anonymous_492)
FN:8340,(anonymous_493)
FN:8341,(anonymous_494)
FN:8345,(anonymous_495)
FN:8357,(anonymous_496)
FN:8360,(anonymous_497)
FN:8368,(anonymous_498)
FN:8388,(anonymous_499)
FN:8391,(anonymous_500)
FN:8396,(anonymous_501)
FN:8405,(anonymous_502)
FN:8429,(anonymous_503)
FN:8456,buildParams
FN:8462,(anonymous_505)
FN:8496,(anonymous_506)
FN:8499,(anonymous_507)
FN:8514,(anonymous_508)
FN:8532,(anonymous_509)
FN:8535,(anonymous_510)
FN:8536,(anonymous_511)
FN:8542,(anonymous_512)
FN:8550,(anonymous_513)
FN:8558,(anonymous_514)
FN:8606,addToPrefiltersOrTransports
FN:8609,(anonymous_516)
FN:8640,inspectPrefiltersOrTransports
FN:8645,inspect
FN:8648,(anonymous_519)
FN:8669,ajaxExtend
FN:8689,ajaxHandleResponses
FN:8747,ajaxConvert
FN:8923,(anonymous_523)
FN:8937,(anonymous_524)
FN:9006,(anonymous_525)
FN:9021,(anonymous_526)
FN:9026,(anonymous_527)
FN:9036,(anonymous_528)
FN:9044,(anonymous_529)
[...]
BRDA:20308,3117,1,0
BRDA:20312,3118,0,0
BRDA:20312,3118,1,0
BRDA:20312,3119,0,0
BRDA:20312,3119,1,0
BRDA:20312,3119,2,0
BRDA:20315,3120,0,0
BRDA:20315,3120,1,0
BRDA:20317,3121,0,0
BRDA:20317,3121,1,0
BRDA:20325,3122,0,0
BRDA:20325,3122,1,0
BRDA:20362,3123,0,0
BRDA:20362,3123,1,0
BRDA:20362,3123,2,0
BRDA:20365,3124,0,0
BRDA:20365,3124,1,0
BRDA:20371,3125,0,0
BRDA:20371,3125,1,0
BRDA:20372,3126,0,0
BRDA:20372,3126,1,0
BRDA:20372,3127,0,0
BRDA:20372,3127,1,0
BRDA:20375,3128,0,0
BRDA:20375,3128,1,0
BRDA:20376,3129,0,0
BRDA:20376,3129,1,0
BRDA:20378,3130,0,0
BRDA:20378,3130,1,0
BRDA:20378,3131,0,0
BRDA:20378,3131,1,0
BRDA:20378,3131,2,0
BRDA:20384,3132,0,0
BRDA:20384,3132,1,0
BRDA:20391,3133,0,0
BRDA:20391,3133,1,0
BRDA:20417,3134,0,0
BRDA:20417,3134,1,0
BRDA:20417,3135,0,0
BRDA:20417,3135,1,0
BRDA:20418,3136,0,0
BRDA:20418,3136,1,0
BRDA:20418,3137,0,0
BRDA:20418,3137,1,0
BRDA:20433,3138,0,0
BRDA:20433,3138,1,0
BRDA:20439,3139,0,0
BRDA:20439,3139,1,0
BRDA:20439,3140,0,0
BRDA:20439,3140,1,0
BRDA:20452,3141,0,0
BRDA:20455,3142,0,0
BRDA:20455,3142,1,0
BRDA:20464,3143,0,0
BRDA:20464,3143,1,0
BRDA:20479,3144,0,0
BRDA:20483,3145,0,0
BRDA:20497,3146,0,0
BRDA:20497,3146,1,0
BRDA:20497,3147,0,0
BRDA:20497,3147,1,0
BRDA:20524,3148,0,0
BRDA:20524,3148,1,0
BRDA:20531,3149,0,0
BRDA:20531,3149,1,0
BRDA:20531,3150,0,0
BRDA:20531,3150,1,0
BRDA:20614,3151,0,0
BRDA:20614,3151,1,0
BRDA:20614,3152,0,0
BRDA:20614,3152,1,0
BRDA:20614,3153,0,0
BRDA:20614,3153,1,0
BRDA:20616,3154,0,0
BRDA:20616,3154,1,0
BRDA:20617,3155,0,0
BRDA:20617,3155,1,0
BRDA:20617,3156,0,0
BRDA:20617,3156,1,0
BRDA:20618,3157,0,0
BRDA:20618,3157,1,0
BRDA:20622,3158,0,0
BRDA:20622,3158,1,0
BRDA:20623,3159,0,0
BRDA:20623,3159,1,0
BRDA:20625,3160,0,0
BRDA:20625,3160,1,0
BRDA:20625,3161,0,0
BRDA:20625,3161,1,0
BRDA:20626,3162,0,0
BRDA:20626,3162,1,0
BRDA:20626,3163,0,0
BRDA:20626,3163,1,0
BRDA:20632,3164,0,0
BRDA:20632,3164,1,0
BRDA:20644,3165,0,0
BRDA:20644,3165,1,0
BRDA:20652,3166,0,0
BRDA:20652,3166,1,0
BRDA:20653,3167,0,0
BRDA:20653,3167,1,0
BRDA:20654,3168,0,0
BRDA:20654,3168,1,0
BRDA:20658,3169,0,0
BRDA:20658,3169,1,0
BRDA:20659,3170,0,0
BRDA:20659,3170,1,0
BRDA:20661,3171,0,0
BRDA:20661,3171,1,0
BRDA:20666,3172,0,0
BRDA:20666,3172,1,0
BRDA:20669,3173,0,0
BRDA:20669,3173,1,0
BRDA:20677,3174,0,0
BRDA:20677,3174,1,0
BRDA:20692,3175,0,0
BRDA:20692,3175,1,0
BRDA:20694,3176,0,0
BRDA:20694,3176,1,0
BRDA:20695,3177,0,0
BRDA:20695,3177,1,0
BRDA:20722,3178,0,0
BRDA:20722,3178,1,0
BRDA:20724,3179,0,0
BRDA:20724,3179,1,0
BRDA:20725,3180,0,0
BRDA:20725,3180,1,0
BRDA:20767,3181,0,0
BRDA:20767,3181,1,0
BRDA:20769,3182,0,0
BRDA:20769,3182,1,0
BRDA:20772,3183,0,0
BRDA:20772,3183,1,0
BRDA:20774,3184,0,0
BRDA:20774,3184,1,0
BRDA:20776,3185,0,0
BRDA:20776,3185,1,0
BRDA:20782,3186,0,0
BRDA:20782,3186,1,0
BRDA:20791,3187,0,0
BRDA:20791,3187,1,0
BRDA:20791,3188,0,0
BRDA:20791,3188,1,0
BRDA:20807,3189,0,0
BRDA:20807,3189,1,0
BRDA:20808,3190,0,0
BRDA:20808,3190,1,0
BRDA:20870,3191,0,0
BRDA:20870,3191,1,0
BRDA:20875,3192,0,0
BRDA:20875,3192,1,0
BRDA:20879,3193,0,0
BRDA:20879,3193,1,0
BRDA:20881,3194,0,0
BRDA:20881,3194,1,0
BRDA:20884,3195,0,0
BRDA:20884,3195,1,0
BRDA:20895,3196,0,0
BRDA:20895,3196,1,0
BRDA:20897,3197,0,0
BRDA:20897,3197,1,0
BRDA:20898,3198,0,0
BRDA:20898,3198,1,0
BRDA:20901,3199,0,0
BRDA:20901,3199,1,0
BRDA:20902,3200,0,0
BRDA:20902,3200,1,0
BRDA:20906,3201,0,0
BRDA:20906,3201,1,0
BRDA:20921,3202,0,0
BRDA:20921,3202,1,0
BRDA:20923,3203,0,0
BRDA:20923,3203,1,0
BRDA:20925,3204,0,0
BRDA:20925,3204,1,0
BRDA:20926,3205,0,0
BRDA:20926,3205,1,0
BRDA:20952,3206,0,0
BRDA:20952,3206,1,0
BRDA:20956,3207,0,0
BRDA:20956,3207,1,0
BRDA:20997,3208,0,0
BRDA:20997,3208,1,0
BRDA:20999,3209,0,0
BRDA:20999,3209,1,0
BRDA:20999,3209,2,0
BRDA:21016,3210,0,0
BRDA:21016,3210,1,0
BRDA:21017,3211,0,0
BRDA:21017,3211,1,0
BRDA:21017,3211,2,0
BRDA:21027,3212,0,0
BRDA:21027,3212,1,0
BRDA:21029,3213,0,0
BRDA:21029,3213,1,0
BRDA:21031,3214,0,0
BRDA:21031,3214,1,0
BRDA:21031,3214,2,0
BRDA:21040,3215,0,0
BRDA:21040,3215,1,0
BRDA:21045,3216,0,0
BRDA:21045,3216,1,0
BRDA:21045,3216,2,0
BRDA:21045,3216,3,0
BRDA:21047,3217,0,0
BRDA:21047,3217,1,0
BRDA:21047,3218,0,0
BRDA:21047,3218,1,0
BRDA:21048,3219,0,0
BRDA:21048,3219,1,0
BRDA:21057,3220,0,0
BRDA:21057,3220,1,0
BRDA:21057,3221,0,0
BRDA:21057,3221,1,0
BRDA:21059,3222,0,0
BRDA:21059,3222,1,0
BRDA:21060,3223,0,0
BRDA:21060,3223,1,0
BRDA:21062,3224,0,0
BRDA:21062,3224,1,0
BRDA:21066,3225,0,0
BRDA:21066,3225,1,0
BRDA:21068,3226,0,0
BRDA:21068,3226,1,0
BRDA:21068,3227,0,0
BRDA:21068,3227,1,0
BRDA:21079,3228,0,0
BRDA:21079,3228,1,0
BRDA:21084,3229,0,0
BRDA:21084,3229,1,0
BRDA:21090,3230,0,0
BRDA:21090,3230,1,0
BRDA:21092,3231,0,0
BRDA:21092,3231,1,0
BRDA:21095,3232,0,0
BRDA:21095,3232,1,0
BRDA:21103,3233,0,0
BRDA:21103,3233,1,0
BRDA:21107,3234,0,0
BRDA:21107,3234,1,0
BRDA:21109,3235,0,0
BRDA:21109,3235,1,0
BRDA:21112,3236,0,0
BRDA:21112,3236,1,0
BRDA:21116,3237,0,0
BRDA:21116,3237,1,0
BRDA:21116,3238,0,0
BRDA:21116,3238,1,0
BRDA:21138,3239,0,0
BRDA:21138,3239,1,0
BRDA:21151,3240,0,0
BRDA:21151,3240,1,0
BRDA:21152,3241,0,0
BRDA:21152,3241,1,0
BRDA:21154,3242,0,0
BRDA:21154,3242,1,0
BRDA:21155,3243,0,0
BRDA:21155,3243,1,0
BRDA:21156,3244,0,0
BRDA:21156,3244,1,0
BRDA:21157,3245,0,0
BRDA:21157,3245,1,0
BRDA:21182,3246,0,0
BRDA:21182,3246,1,0
BRDA:21182,3246,2,0
BRDA:21183,3247,0,0
BRDA:21183,3247,1,0
BRDA:21186,3248,0,0
BRDA:21186,3248,1,0
BRDA:21190,3249,0,0
BRDA:21190,3249,1,0
BRDA:21239,3250,0,0
BRDA:21239,3250,1,0
BRDA:21245,3251,0,0
BRDA:21245,3251,1,0
BRDA:21258,3252,0,0
BRDA:21258,3252,1,0
BRDA:21262,3253,0,0
BRDA:21262,3253,1,0
BRDA:21262,3254,0,0
BRDA:21262,3254,1,0
BRDA:21265,3255,0,0
BRDA:21265,3255,1,0
BRDA:21267,3256,0,0
BRDA:21267,3256,1,0
BRDA:21267,3257,0,0
BRDA:21267,3257,1,0
BRDA:21269,3258,0,0
BRDA:21269,3258,1,0
BRDA:21269,3259,0,0
BRDA:21269,3259,1,0
BRDA:21274,3260,0,0
BRDA:21274,3260,1,0
BRDA:21276,3261,0,0
BRDA:21276,3261,1,0
BRDA:21276,3262,0,0
BRDA:21276,3262,1,0
BRDA:21278,3263,0,0
BRDA:21278,3263,1,0
BRDA:21303,3264,0,0
BRDA:21303,3264,1,0
BRDA:21313,3265,0,0
BRDA:21313,3265,1,0
BRDA:21313,3266,0,0
BRDA:21313,3266,1,0
BRDA:21317,3267,0,0
BRDA:21317,3267,1,0
BRDA:21342,3268,0,0
BRDA:21342,3268,1,0
BRDA:21351,3269,0,0
BRDA:21351,3269,1,0
BRDA:21375,3270,0,0
BRDA:21375,3270,1,0
BRDA:21375,3270,2,0
BRDA:21389,3271,0,0
BRDA:21389,3271,1,0
BRDA:21391,3272,0,0
BRDA:21391,3272,1,0
BRDA:21391,3273,0,0
BRDA:21391,3273,1,0
BRDA:21391,3273,2,0
BRDA:21392,3274,0,0
BRDA:21392,3274,1,0
BRDA:21393,3275,0,0
BRDA:21393,3275,1,0
BRDA:21418,3276,0,0
BRDA:21418,3276,1,0
BRDA:21422,3277,0,0
BRDA:21422,3277,1,0
BRDA:21461,3278,0,0
BRDA:21461,3278,1,0
BRDA:21463,3279,0,0
BRDA:21463,3279,1,0
BRDA:21463,3279,2,0
BRDA:21466,3280,0,0
BRDA:21466,3280,1,0
BRDA:21468,3281,0,0
BRDA:21468,3281,1,0
BRDA:21468,3282,0,0
BRDA:21468,3282,1,0
BRDA:21472,3283,0,0
BRDA:21472,3283,1,0
BRDA:21472,3284,0,0
BRDA:21472,3284,1,0
BRDA:21479,3285,0,0
BRDA:21479,3285,1,0
BRDA:21481,3286,0,0
BRDA:21481,3286,1,0
BRDA:21481,3287,0,0
BRDA:21481,3287,1,0
BRDA:21481,3287,2,0
BRDA:21481,3287,3,0
BRDA:21485,3288,0,0
BRDA:21485,3288,1,0
BRDA:21495,3289,0,0
BRDA:21495,3289,1,0
BRDA:21502,3290,0,0
BRDA:21502,3290,1,0
BRDA:21503,3291,0,0
BRDA:21503,3291,1,0
BRDA:21503,3292,0,0
BRDA:21503,3292,1,0
BRDA:21514,3293,0,0
BRDA:21514,3293,1,0
BRDA:21529,3294,0,0
BRDA:21529,3294,1,0
BRDA:21529,3295,0,0
BRDA:21529,3295,1,0
BRDA:21536,3296,0,0
BRDA:21536,3296,1,0
BRDA:21541,3297,0,0
BRDA:21541,3297,1,0
BRDA:21541,3298,0,0
BRDA:21541,3298,1,0
BRDA:21541,3298,2,0
BRDA:21541,3298,3,0
BRDA:21542,3299,0,0
BRDA:21542,3299,1,0
BRDA:21549,3300,0,0
BRDA:21549,3300,1,0
BRDA:21553,3301,0,0
BRDA:21553,3301,1,0
BRDA:21553,3302,0,0
BRDA:21553,3302,1,0
BRDA:21554,3303,0,0
BRDA:21554,3303,1,0
BRDA:21554,3304,0,0
BRDA:21554,3304,1,0
BRDA:21555,3305,0,0
BRDA:21555,3305,1,0
BRDA:21569,3306,0,0
BRDA:21569,3306,1,0
BRDA:21570,3307,0,0
BRDA:21570,3307,1,0
BRDA:21633,3308,0,0
BRDA:21633,3308,1,0
BRDA:21654,3309,0,0
BRDA:21654,3309,1,0
BRDA:21663,3310,0,0
BRDA:21663,3310,1,0
BRDA:21663,3311,0,0
BRDA:21663,3311,1,0
BRDA:21678,3312,0,0
BRDA:21678,3312,1,0
BRDA:21683,3313,0,0
BRDA:21683,3313,1,0
BRDA:21685,3314,0,0
BRDA:21685,3314,1,0
BRDA:21695,3315,0,0
BRDA:21695,3315,1,0
BRDA:21705,3316,0,0
BRDA:21705,3316,1,0
BRDA:21716,3317,0,0
BRDA:21716,3317,1,0
BRDA:21722,3318,0,0
BRDA:21722,3318,1,0
BRDA:21722,3319,0,0
BRDA:21722,3319,1,0
BRDA:21738,3320,0,0
BRDA:21738,3320,1,0
BRDA:21738,3321,0,0
BRDA:21738,3321,1,0
BRDA:21749,3322,0,0
BRDA:21749,3322,1,0
BRDA:21749,3323,0,0
BRDA:21749,3323,1,0
BRDA:21749,3323,2,0
BRDA:21758,3324,0,0
BRDA:21758,3324,1,0
BRDA:21758,3325,0,0
BRDA:21758,3325,1,0
BRDA:21760,3326,0,0
BRDA:21760,3326,1,0
BRDA:21762,3327,0,0
BRDA:21762,3327,1,0
BRDA:21768,3328,0,0
BRDA:21768,3328,1,0
BRDA:21787,3329,0,0
BRDA:21787,3329,1,0
BRDA:21793,3330,0,0
BRDA:21793,3330,1,0
BRDA:21795,3331,0,0
BRDA:21795,3331,1,0
BRDA:21795,3332,0,0
BRDA:21795,3332,1,0
BRDA:21796,3333,0,0
BRDA:21796,3333,1,0
BRDA:21803,3334,0,0
BRDA:21803,3334,1,0
BRDA:21807,3335,0,0
BRDA:21807,3335,1,0
BRDA:21808,3336,0,0
BRDA:21808,3336,1,0
BRDA:21813,3337,0,0
BRDA:21813,3337,1,0
BRDA:21817,3338,0,0
BRDA:21817,3338,1,0
BRDA:21819,3339,0,0
BRDA:21819,3339,1,0
BRDA:21825,3340,0,0
BRDA:21825,3340,1,0
BRDA:21825,3341,0,0
BRDA:21825,3341,1,0
BRDA:21830,3342,0,0
BRDA:21830,3342,1,0
BRDA:21832,3343,0,0
BRDA:21832,3343,1,0
BRDA:21832,3344,0,0
BRDA:21832,3344,1,0
BRDA:21838,3345,0,0
BRDA:21838,3345,1,0
BRDA:21853,3346,0,0
BRDA:21853,3346,1,0
BRDA:21853,3347,0,0
BRDA:21853,3347,1,0
BRDA:21854,3348,0,0
BRDA:21854,3348,1,0
BRDA:21854,3349,0,0
BRDA:21854,3349,1,0
BRDA:21867,3350,0,0
BRDA:21867,3350,1,0
BRDA:21876,3351,0,0
BRDA:21876,3351,1,0
BRDA:21877,3352,0,0
BRDA:21877,3352,1,0
BRDA:21878,3353,0,0
BRDA:21878,3353,1,0
BRDA:21902,3354,0,0
BRDA:21902,3354,1,0
BRDA:21904,3355,0,0
BRDA:21904,3355,1,0
BRDA:21905,3356,0,0
BRDA:21905,3356,1,0
BRDA:21906,3357,0,0
BRDA:21906,3357,1,0
BRDA:21931,3358,0,0
BRDA:21931,3358,1,0
BRDA:21931,3358,2,0
BRDA:21932,3359,0,0
BRDA:21932,3359,1,0
BRDA:21932,3360,0,0
BRDA:21932,3360,1,0
BRDA:21934,3361,0,0
BRDA:21934,3361,1,0
BRDA:21937,3362,0,0
BRDA:21937,3362,1,0
BRDA:21939,3363,0,0
BRDA:21939,3363,1,0
BRDA:21972,3364,0,0
BRDA:21972,3364,1,0
BRDA:22000,3365,0,0
BRDA:22000,3365,1,0
BRDA:22002,3366,0,0
BRDA:22002,3366,1,0
BRDA:22002,3367,0,0
BRDA:22002,3367,1,0
BRDA:22009,3368,0,0
BRDA:22009,3368,1,0
BRDA:22013,3369,0,0
BRDA:22013,3369,1,0
BRDA:22020,3370,0,0
BRDA:22020,3370,1,0
BRDA:22021,3371,0,0
BRDA:22021,3371,1,0
BRDA:22027,3372,0,0
BRDA:22027,3372,1,0
BRDA:22038,3373,0,0
BRDA:22038,3373,1,0
BRDA:22040,3374,0,0
BRDA:22040,3374,1,0
BRDA:22040,3375,0,0
BRDA:22040,3375,1,0
BRDA:22041,3376,0,0
BRDA:22041,3376,1,0
BRDA:22042,3377,0,0
BRDA:22042,3377,1,0
BRDA:22085,3378,0,0
BRDA:22085,3378,1,0
BRDA:22087,3379,0,0
BRDA:22087,3379,1,0
BRDA:22105,3380,0,0
BRDA:22105,3380,1,0
BRDA:22117,3381,0,0
BRDA:22117,3381,1,0
BRDA:22126,3382,0,0
BRDA:22126,3382,1,0
BRDA:22127,3383,0,0
BRDA:22127,3383,1,0
BRDA:22129,3384,0,0
BRDA:22129,3384,1,0
BRDA:22129,3384,2,0
BRDA:22129,3384,3,0
BRDA:22129,3384,4,0
BRDA:22150,3385,0,0
BRDA:22150,3385,1,0
BRDA:22154,3386,0,0
BRDA:22154,3386,1,0
BRDA:22155,3387,0,0
BRDA:22155,3387,1,0
BRDA:22158,3388,0,0
BRDA:22158,3388,1,0
BRDA:22158,3389,0,0
BRDA:22158,3389,1,0
BRDA:22164,3390,0,0
BRDA:22164,3390,1,0
BRDA:22164,3390,2,0
BRDA:22164,3390,3,0
BRDA:22164,3390,4,0
BRDA:22184,3391,0,0
BRDA:22184,3391,1,0
BRDA:22207,3392,0,0
BRDA:22207,3392,1,0
BRDA:22209,3393,0,0
BRDA:22209,3393,1,0
BRDA:22210,3394,0,0
BRDA:22210,3394,1,0
BRDA:22277,3395,0,0
BRDA:22277,3395,1,0
BRDA:22279,3396,0,0
BRDA:22279,3396,1,0
BRDA:22282,3397,0,0
BRDA:22282,3397,1,0
BRDA:22295,3398,0,0
BRDA:22295,3398,1,0
BRDA:22295,3399,0,0
BRDA:22295,3399,1,0
BRDA:22314,3400,0,0
BRDA:22314,3400,1,0
BRDA:22314,3400,2,0
BRDA:22314,3400,3,0
BRDA:22314,3400,4,0
BRDA:22332,3401,0,0
BRDA:22332,3401,1,0
BRDA:22339,3402,0,0
BRDA:22339,3402,1,0
BRDA:22348,3403,0,0
BRDA:22348,3403,1,0
BRDA:22351,3404,0,0
BRDA:22351,3404,1,0
BRDA:22351,3405,0,0
BRDA:22351,3405,1,0
BRDA:22369,3406,0,0
BRDA:22369,3406,1,0
BRDA:22370,3407,0,0
BRDA:22370,3407,1,0
BRDA:22462,3408,0,0
BRDA:22462,3408,1,0
BRDA:22462,3409,0,0
BRDA:22462,3409,1,0
BRDA:22462,3410,0,0
BRDA:22462,3410,1,0
BRDA:22465,3411,0,0
BRDA:22465,3411,1,0
BRDA:22465,3412,0,0
BRDA:22465,3412,1,0
BRDA:22474,3413,0,0
BRDA:22474,3413,1,0
BRDA:22476,3414,0,0
BRDA:22476,3414,1,0
BRDA:22477,3415,0,0
BRDA:22477,3415,1,0
BRDA:22478,3416,0,0
BRDA:22478,3416,1,0
BRDA:22485,3417,0,0
BRDA:22485,3417,1,0
BRDA:22497,3418,0,0
BRDA:22497,3418,1,0
BRDA:22497,3419,0,0
BRDA:22497,3419,1,0
BRDA:22511,3420,0,0
BRDA:22511,3420,1,0
BRDA:22512,3421,0,0
BRDA:22512,3421,1,0
BRDA:22519,3422,0,0
BRDA:22519,3422,1,0
BRDA:22522,3423,0,0
BRDA:22522,3423,1,0
BRDA:22527,3424,0,0
BRDA:22527,3424,1,0
BRDA:22528,3425,0,0
BRDA:22528,3425,1,0
BRDA:22531,3426,0,0
BRDA:22531,3426,1,0
BRDA:22531,3427,0,0
BRDA:22531,3427,1,0
BRDA:22540,3428,0,0
BRDA:22540,3428,1,0
BRDA:22540,3429,0,0
BRDA:22540,3429,1,0
BRDA:22543,3430,0,0
BRDA:22543,3430,1,0
BRDA:22549,3431,0,0
BRDA:22549,3431,1,0
BRDA:22556,3432,0,0
BRDA:22556,3432,1,0
BRDA:22559,3433,0,0
BRDA:22559,3433,1,0
BRDA:22564,3434,0,0
BRDA:22564,3434,1,0
BRDA:22565,3435,0,0
BRDA:22565,3435,1,0
BRDA:22568,3436,0,0
BRDA:22568,3436,1,0
BRDA:22574,3437,0,0
BRDA:22574,3437,1,0
BRDA:22574,3438,0,0
BRDA:22574,3438,1,0
BRDA:22577,3439,0,0
BRDA:22577,3439,1,0
BRDA:22584,3440,0,0
BRDA:22584,3440,1,0
BRDA:22584,3441,0,0
BRDA:22584,3441,1,0
BRDA:22588,3442,0,0
BRDA:22588,3442,1,0
BRDA:22588,3443,0,0
BRDA:22588,3443,1,0
BRDA:22599,3444,0,0
BRDA:22599,3444,1,0
BRDA:22601,3445,0,0
BRDA:22601,3445,1,0
BRDA:22607,3446,0,0
BRDA:22607,3446,1,0
BRDA:22607,3447,0,0
BRDA:22607,3447,1,0
BRDA:22615,3448,0,0
BRDA:22615,3448,1,0
BRDA:22622,3449,0,0
BRDA:22622,3449,1,0
BRDA:22626,3450,0,0
BRDA:22626,3450,1,0
BRDA:22626,3451,0,0
BRDA:22626,3451,1,0
BRDA:22627,3452,0,0
BRDA:22627,3452,1,0
BRDA:22627,3453,0,0
BRDA:22627,3453,1,0
BRDA:22628,3454,0,0
BRDA:22628,3454,1,0
BRDA:22628,3455,0,0
BRDA:22628,3455,1,0
BRDA:22629,3456,0,0
BRDA:22629,3456,1,0
BRDA:22629,3457,0,0
BRDA:22629,3457,1,0
BRDA:22646,3458,0,0
BRDA:22646,3458,1,0
BRDA:22649,3459,0,0
BRDA:22649,3459,1,0
BRDA:22649,3460,0,0
BRDA:22649,3460,1,0
BRDA:22667,3461,0,0
BRDA:22667,3461,1,0
BRDA:22668,3462,0,0
BRDA:22668,3462,1,0
BRDA:22690,3463,0,0
BRDA:22690,3463,1,0
BRDA:22690,3464,0,0
BRDA:22690,3464,1,0
BRDA:22696,3465,0,0
BRDA:22696,3465,1,0
BRDA:22700,3466,0,0
BRDA:22700,3466,1,0
BRDA:22701,3467,0,0
BRDA:22701,3467,1,0
BRDA:22709,3468,0,0
BRDA:22709,3468,1,0
BRDA:22710,3469,0,0
BRDA:22710,3469,1,0
BRDA:22717,3470,0,0
BRDA:22717,3470,1,0
BRDA:22727,3471,0,0
BRDA:22727,3471,1,0
BRDA:22728,3472,0,0
BRDA:22728,3472,1,0
BRDA:22733,3473,0,0
BRDA:22733,3473,1,0
BRDA:22738,3474,0,0
BRDA:22738,3474,1,0
BRDA:22742,3475,0,0
BRDA:22742,3475,1,0
BRDA:22742,3476,0,0
BRDA:22742,3476,1,0
BRDA:22755,3477,0,0
BRDA:22755,3477,1,0
BRDA:22755,3478,0,0
BRDA:22755,3478,1,0
BRDA:22756,3479,0,0
BRDA:22756,3479,1,0
BRDA:22765,3480,0,0
BRDA:22765,3480,1,0
BRDA:22771,3481,0,0
BRDA:22771,3481,1,0
BRDA:22775,3482,0,0
BRDA:22775,3482,1,0
BRDA:22778,3483,0,0
BRDA:22778,3483,1,0
BRDA:22778,3484,0,0
BRDA:22778,3484,1,0
BRDA:22779,3485,0,0
BRDA:22779,3485,1,0
BRDA:22779,3486,0,0
BRDA:22779,3486,1,0
BRDA:22780,3487,0,0
BRDA:22780,3487,1,0
BRDA:22786,3488,0,0
BRDA:22786,3488,1,0
BRDA:22787,3489,0,0
BRDA:22787,3489,1,0
BRDA:22788,3490,0,0
BRDA:22788,3490,1,0
BRDA:22795,3491,0,0
BRDA:22795,3491,1,0
BRDA:22797,3492,0,0
BRDA:22797,3492,1,0
BRDA:22797,3492,2,0
BRDA:22800,3493,0,0
BRDA:22800,3493,1,0
BRDA:22803,3494,0,0
BRDA:22803,3494,1,0
BRDA:22805,3495,0,0
BRDA:22805,3495,1,0
BRDA:22811,3496,0,0
BRDA:22811,3496,1,0
BRDA:22813,3497,0,0
BRDA:22813,3497,1,0
BRDA:22826,3498,0,0
BRDA:22826,3498,1,0
BRDA:22827,3499,0,0
BRDA:22827,3499,1,0
BRDA:22839,3500,0,0
BRDA:22839,3500,1,0
BRDA:22841,3501,0,0
BRDA:22841,3501,1,0
BRDA:22849,3502,0,0
BRDA:22849,3502,1,0
BRDA:22866,3503,0,0
BRDA:22866,3503,1,0
BRDA:22868,3504,0,0
BRDA:22868,3504,1,0
BRDA:22874,3505,0,0
BRDA:22874,3505,1,0
BRDA:22876,3506,0,0
BRDA:22876,3506,1,0
BRDA:22879,3507,0,0
BRDA:22879,3507,1,0
BRDA:22888,3508,0,0
BRDA:22888,3508,1,0
BRDA:22906,3509,0,0
BRDA:22906,3509,1,0
BRDA:22908,3510,0,0
BRDA:22908,3510,1,0
BRDA:22908,3511,0,0
BRDA:22908,3511,1,0
BRDA:22909,3512,0,0
BRDA:22909,3512,1,0
BRDA:22910,3513,0,0
BRDA:22910,3513,1,0
BRDA:22962,3514,0,0
BRDA:22962,3514,1,0
BRDA:22975,3515,0,0
BRDA:22975,3515,1,0
BRDA:22983,3516,0,0
BRDA:22983,3516,1,0
BRDA:22989,3517,0,0
BRDA:22989,3517,1,0
BRDA:23011,3518,0,0
BRDA:23011,3518,1,0
BRDA:23011,3518,2,0
BRDA:23014,3519,0,0
BRDA:23014,3519,1,0
BRDA:23032,3520,0,0
BRDA:23032,3520,1,0
BRDA:23038,3521,0,0
BRDA:23038,3521,1,0
BRDA:23039,3522,0,0
BRDA:23039,3522,1,0
BRDA:23039,3522,2,0
BRDA:23051,3523,0,0
BRDA:23051,3523,1,0
BRDA:23065,3524,0,0
BRDA:23065,3524,1,0
BRDA:23068,3525,0,0
BRDA:23068,3525,1,0
BRDA:23069,3526,0,0
BRDA:23069,3526,1,0
BRDA:23074,3527,0,0
BRDA:23074,3527,1,0
BRDA:23077,3528,0,0
BRDA:23077,3528,1,0
BRDA:23084,3529,0,0
BRDA:23084,3529,1,0
BRDA:23099,3530,0,0
BRDA:23099,3530,1,0
BRDA:23111,3531,0,0
BRDA:23111,3531,1,0
BRDA:23115,3532,0,0
BRDA:23115,3532,1,0
BRDA:23119,3533,0,0
BRDA:23119,3533,1,0
BRDA:23130,3534,0,0
BRDA:23130,3534,1,0
BRDA:23139,3535,0,0
BRDA:23139,3535,1,0
BRDA:23152,3536,0,0
BRDA:23152,3536,1,0
BRDA:23176,3537,0,0
BRDA:23176,3537,1,0
BRDA:23181,3538,0,0
BRDA:23181,3538,1,0
BRDA:23223,3539,0,0
BRDA:23223,3539,1,0
BRDA:23237,3540,0,0
BRDA:23237,3540,1,0
BRDA:23239,3541,0,0
BRDA:23239,3541,1,0
BRDA:23241,3542,0,0
BRDA:23241,3542,1,0
BRDA:23241,3543,0,0
BRDA:23241,3543,1,0
BRDA:23243,3544,0,0
BRDA:23243,3544,1,0
BRDA:23243,3545,0,0
BRDA:23243,3545,1,0
BRDA:23245,3546,0,0
BRDA:23245,3546,1,0
BRDA:23245,3547,0,0
BRDA:23245,3547,1,0
BRDA:23247,3548,0,0
BRDA:23247,3548,1,0
BRDA:23247,3549,0,0
BRDA:23247,3549,1,0
BRDA:23247,3549,2,0
BRDA:23251,3550,0,0
BRDA:23251,3550,1,0
BRDA:23251,3551,0,0
BRDA:23251,3551,1,0
BRDA:23251,3551,2,0
BRDA:23257,3552,0,0
BRDA:23257,3552,1,0
BRDA:23258,3553,0,0
BRDA:23258,3553,1,0
BRDA:23260,3554,0,0
BRDA:23260,3554,1,0
BRDA:23260,3555,0,0
BRDA:23260,3555,1,0
BRDA:23262,3556,0,0
BRDA:23262,3556,1,0
BRDA:23262,3557,0,0
BRDA:23262,3557,1,0
BRDA:23268,3558,0,0
BRDA:23268,3558,1,0
BRDA:23271,3559,0,0
BRDA:23271,3559,1,0
BRDA:23275,3560,0,0
BRDA:23275,3560,1,0
BRDA:23277,3561,0,0
BRDA:23277,3561,1,0
BRDA:23279,3562,0,0
BRDA:23279,3562,1,0
BRDA:23287,3563,0,0
BRDA:23287,3563,1,0
BRDA:23288,3564,0,0
BRDA:23288,3564,1,0
BRDA:23297,3565,0,0
BRDA:23297,3565,1,0
BRDA:23301,3566,0,0
BRDA:23301,3566,1,0
BRDA:23303,3567,0,0
BRDA:23303,3567,1,0
BRDA:23305,3568,0,0
BRDA:23305,3568,1,0
BRDA:23312,3569,0,0
BRDA:23312,3569,1,0
BRDA:23330,3570,0,0
BRDA:23330,3570,1,0
BRDA:23334,3571,0,0
BRDA:23334,3571,1,0
BRDA:23337,3572,0,0
BRDA:23337,3572,1,0
BRDA:23338,3573,0,0
BRDA:23338,3573,1,0
BRDA:23343,3574,0,0
BRDA:23343,3574,1,0
BRDA:23348,3575,0,0
BRDA:23348,3575,1,0
BRDA:23348,3576,0,0
BRDA:23348,3576,1,0
BRDA:23356,3577,0,0
BRDA:23356,3577,1,0
BRDA:23356,3577,2,0
BRDA:23357,3578,0,0
BRDA:23357,3578,1,0
BRDA:23357,3579,0,0
BRDA:23357,3579,1,0
BRDA:23360,3580,0,0
BRDA:23360,3580,1,0
BRDA:23360,3580,2,0
BRDA:23361,3581,0,0
BRDA:23361,3581,1,0
BRDA:23361,3581,2,0
BRDA:23364,3582,0,0
BRDA:23364,3582,1,0
BRDA:23364,3583,0,0
BRDA:23364,3583,1,0
BRDA:23364,3583,2,0
BRDA:23377,3584,0,0
BRDA:23377,3584,1,0
BRDA:23392,3585,0,0
BRDA:23392,3585,1,0
BRDA:23403,3586,0,0
BRDA:23403,3586,1,0
BRDA:23408,3587,0,0
BRDA:23408,3587,1,0
BRDA:23409,3588,0,0
BRDA:23409,3588,1,0
BRDA:23410,3589,0,0
BRDA:23410,3589,1,0
BRDA:23412,3590,0,0
BRDA:23412,3590,1,0
BRDA:23436,3591,0,0
BRDA:23436,3591,1,0
BRDA:23456,3592,0,0
BRDA:23456,3592,1,0
BRDA:23458,3593,0,0
BRDA:23458,3593,1,0
BRDA:23459,3594,0,0
BRDA:23459,3594,1,0
BRDA:23473,3595,0,0
BRDA:23473,3595,1,0
BRDA:23477,3596,0,0
BRDA:23477,3596,1,0
BRDA:23477,3597,0,0
BRDA:23477,3597,1,0
BRDA:23485,3598,0,0
BRDA:23485,3598,1,0
BRDA:23489,3599,0,0
BRDA:23489,3599,1,0
BRF:7521
BRH:0
end_of_record
